{"/Users/zhoock/Downloads/Яндекс.Практикум/dev/stellar-burgers/src/features/constructor/constructorSlice.ts": {"path":"/Users/zhoock/Downloads/Яндекс.Практикум/dev/stellar-burgers/src/features/constructor/constructorSlice.ts","statementMap":{"0":{"start":{"line":2,"column":0},"end":{"line":2,"column":70}},"1":{"start":{"line":10,"column":13},"end":{"line":10,"column":77}},"2":{"start":{"line":12,"column":25},"end":{"line":50,"column":2}},"3":{"start":{"line":19,"column":17},"end":{"line":19,"column":72}},"4":{"start":{"line":21,"column":8},"end":{"line":25,"column":9}},"5":{"start":{"line":22,"column":10},"end":{"line":22,"column":45}},"6":{"start":{"line":24,"column":10},"end":{"line":24,"column":68}},"7":{"start":{"line":29,"column":8},"end":{"line":34,"column":10}},"8":{"start":{"line":37,"column":31},"end":{"line":37,"column":56}},"9":{"start":{"line":38,"column":6},"end":{"line":38,"column":76}},"10":{"start":{"line":38,"column":58},"end":{"line":38,"column":75}},"11":{"start":{"line":40,"column":29},"end":{"line":40,"column":76}},"12":{"start":{"line":41,"column":27},"end":{"line":41,"column":35}},"13":{"start":{"line":42,"column":19},"end":{"line":42,"column":55}},"14":{"start":{"line":43,"column":6},"end":{"line":43,"column":44}},"15":{"start":{"line":46,"column":6},"end":{"line":46,"column":23}},"16":{"start":{"line":47,"column":6},"end":{"line":47,"column":29}},"17":{"start":{"line":52,"column":15},"end":{"line":52,"column":null}},"18":{"start":{"line":54,"column":0},"end":{"line":54,"column":40}}},"fnMap":{"0":{"name":"(anonymous_2)","decl":{"start":{"line":17,"column":13},"end":{"line":17,"column":null}},"loc":{"start":{"line":19,"column":72},"end":{"line":26,"column":7}}},"1":{"name":"(anonymous_3)","decl":{"start":{"line":28,"column":13},"end":{"line":28,"column":14}},"loc":{"start":{"line":28,"column":31},"end":{"line":35,"column":7}}},"2":{"name":"(anonymous_4)","decl":{"start":{"line":37,"column":14},"end":{"line":37,"column":15}},"loc":{"start":{"line":37,"column":56},"end":{"line":39,"column":5}}},"3":{"name":"(anonymous_5)","decl":{"start":{"line":38,"column":51},"end":{"line":38,"column":52}},"loc":{"start":{"line":38,"column":53},"end":{"line":38,"column":59}}},"4":{"name":"(anonymous_6)","decl":{"start":{"line":40,"column":12},"end":{"line":40,"column":13}},"loc":{"start":{"line":40,"column":76},"end":{"line":44,"column":5}}},"5":{"name":"(anonymous_7)","decl":{"start":{"line":45,"column":9},"end":{"line":45,"column":10}},"loc":{"start":{"line":45,"column":15},"end":{"line":48,"column":5}}}},"branchMap":{"0":{"loc":{"start":{"line":21,"column":8},"end":{"line":25,"column":9}},"type":"if","locations":[{"start":{"line":21,"column":8},"end":{"line":25,"column":9}},{"start":{"line":23,"column":15},"end":{"line":25,"column":9}}]},"1":{"loc":{"start":{"line":31,"column":12},"end":{"line":33,"column":69}},"type":"cond-expr","locations":[{"start":{"line":32,"column":16},"end":{"line":32,"column":20}},{"start":{"line":33,"column":17},"end":{"line":33,"column":69}}]}},"s":{"0":2,"1":2,"2":2,"3":7,"4":7,"5":2,"6":5,"7":7,"8":1,"9":1,"10":1,"11":1,"12":2,"13":1,"14":1,"15":1,"16":1,"17":2,"18":2},"f":{"0":7,"1":7,"2":1,"3":1,"4":1,"5":1},"b":{"0":[2,5],"1":[2,5]}}
,"/Users/zhoock/Downloads/Яндекс.Практикум/dev/stellar-burgers/src/features/feed/feedSlice.ts": {"path":"/Users/zhoock/Downloads/Яндекс.Практикум/dev/stellar-burgers/src/features/feed/feedSlice.ts","statementMap":{"0":{"start":{"line":2,"column":0},"end":{"line":2,"column":65}},"1":{"start":{"line":3,"column":0},"end":{"line":3,"column":53}},"2":{"start":{"line":15,"column":13},"end":{"line":21,"column":2}},"3":{"start":{"line":23,"column":13},"end":{"line":26,"column":3}},"4":{"start":{"line":23,"column":56},"end":{"line":26,"column":2}},"5":{"start":{"line":24,"column":15},"end":{"line":24,"column":null}},"6":{"start":{"line":24,"column":8},"end":{"line":24,"column":null}},"7":{"start":{"line":25,"column":2},"end":{"line":25,"column":14}},"8":{"start":{"line":28,"column":18},"end":{"line":49,"column":2}},"9":{"start":{"line":33,"column":4},"end":{"line":47,"column":9}},"10":{"start":{"line":35,"column":8},"end":{"line":35,"column":29}},"11":{"start":{"line":36,"column":8},"end":{"line":36,"column":27}},"12":{"start":{"line":38,"column":53},"end":{"line":38,"column":55}},"13":{"start":{"line":39,"column":8},"end":{"line":39,"column":30}},"14":{"start":{"line":40,"column":8},"end":{"line":40,"column":38}},"15":{"start":{"line":41,"column":8},"end":{"line":41,"column":36}},"16":{"start":{"line":42,"column":8},"end":{"line":42,"column":46}},"17":{"start":{"line":45,"column":8},"end":{"line":45,"column":30}},"18":{"start":{"line":46,"column":8},"end":{"line":46,"column":75}},"19":{"start":{"line":51,"column":0},"end":{"line":51,"column":33}},"20":{"start":{"line":53,"column":32},"end":{"line":53,"column":51}},"21":{"start":{"line":53,"column":50},"end":{"line":53,"column":64}},"22":{"start":{"line":53,"column":13},"end":{"line":53,"column":32}},"23":{"start":{"line":54,"column":33},"end":{"line":54,"column":52}},"24":{"start":{"line":54,"column":51},"end":{"line":54,"column":66}},"25":{"start":{"line":54,"column":13},"end":{"line":54,"column":33}},"26":{"start":{"line":55,"column":31},"end":{"line":55,"column":50}},"27":{"start":{"line":55,"column":49},"end":{"line":55,"column":62}},"28":{"start":{"line":55,"column":13},"end":{"line":55,"column":31}},"29":{"start":{"line":56,"column":32},"end":{"line":56,"column":51}},"30":{"start":{"line":56,"column":50},"end":{"line":59,"column":3}},"31":{"start":{"line":56,"column":13},"end":{"line":56,"column":32}}},"fnMap":{"0":{"name":"(anonymous_13)","decl":{"start":{"line":23,"column":56},"end":{"line":23,"column":null}},"loc":{"start":{"line":23,"column":56},"end":{"line":26,"column":2}}},"1":{"name":"(anonymous_16)","decl":{"start":{"line":32,"column":17},"end":{"line":32,"column":18}},"loc":{"start":{"line":32,"column":25},"end":{"line":48,"column":3}}},"2":{"name":"(anonymous_17)","decl":{"start":{"line":34,"column":34},"end":{"line":34,"column":35}},"loc":{"start":{"line":34,"column":40},"end":{"line":37,"column":7}}},"3":{"name":"(anonymous_18)","decl":{"start":{"line":38,"column":36},"end":{"line":38,"column":37}},"loc":{"start":{"line":38,"column":55},"end":{"line":43,"column":7}}},"4":{"name":"(anonymous_19)","decl":{"start":{"line":44,"column":35},"end":{"line":44,"column":36}},"loc":{"start":{"line":44,"column":49},"end":{"line":47,"column":7}}},"5":{"name":"(anonymous_20)","decl":{"start":{"line":53,"column":32},"end":{"line":53,"column":33}},"loc":{"start":{"line":53,"column":45},"end":{"line":53,"column":51}}},"6":{"name":"(anonymous_21)","decl":{"start":{"line":54,"column":33},"end":{"line":54,"column":34}},"loc":{"start":{"line":54,"column":46},"end":{"line":54,"column":52}}},"7":{"name":"(anonymous_22)","decl":{"start":{"line":55,"column":31},"end":{"line":55,"column":32}},"loc":{"start":{"line":55,"column":44},"end":{"line":55,"column":50}}},"8":{"name":"(anonymous_23)","decl":{"start":{"line":56,"column":32},"end":{"line":56,"column":33}},"loc":{"start":{"line":56,"column":45},"end":{"line":56,"column":51}}}},"branchMap":{"0":{"loc":{"start":{"line":24,"column":15},"end":{"line":24,"column":null}},"type":"switch","locations":[{"start":{"line":24,"column":15},"end":{"line":24,"column":null}}]},"1":{"loc":{"start":{"line":46,"column":22},"end":{"line":46,"column":74}},"type":"cond-expr","locations":[{"start":{"line":46,"column":42},"end":{"line":46,"column":46}},{"start":{"line":46,"column":46},"end":{"line":46,"column":74}}]},"2":{"loc":{"start":{"line":46,"column":22},"end":{"line":46,"column":46}},"type":"binary-expr","locations":[{"start":{"line":46,"column":22},"end":{"line":46,"column":46}},{"start":{"line":46,"column":42},"end":{"line":46,"column":46}}]}},"s":{"0":1,"1":1,"2":1,"3":1,"4":0,"5":0,"6":0,"7":0,"8":1,"9":1,"10":0,"11":0,"12":0,"13":0,"14":0,"15":0,"16":0,"17":0,"18":0,"19":1,"20":1,"21":0,"22":1,"23":1,"24":0,"25":1,"26":1,"27":0,"28":1,"29":1,"30":0,"31":1},"f":{"0":0,"1":1,"2":0,"3":0,"4":0,"5":0,"6":0,"7":0,"8":0},"b":{"0":[0],"1":[0,0],"2":[0,0]}}
,"/Users/zhoock/Downloads/Яндекс.Практикум/dev/stellar-burgers/src/features/ingredients/ingredientsSlice.ts": {"path":"/Users/zhoock/Downloads/Яндекс.Практикум/dev/stellar-burgers/src/features/ingredients/ingredientsSlice.ts","statementMap":{"0":{"start":{"line":2,"column":0},"end":{"line":2,"column":null}},"1":{"start":{"line":8,"column":0},"end":{"line":8,"column":59}},"2":{"start":{"line":18,"column":13},"end":{"line":22,"column":2}},"3":{"start":{"line":24,"column":13},"end":{"line":30,"column":2}},"4":{"start":{"line":26,"column":2},"end":{"line":29,"column":null}},"5":{"start":{"line":27,"column":18},"end":{"line":27,"column":null}},"6":{"start":{"line":27,"column":10},"end":{"line":27,"column":null}},"7":{"start":{"line":28,"column":4},"end":{"line":28,"column":17}},"8":{"start":{"line":32,"column":25},"end":{"line":53,"column":2}},"9":{"start":{"line":37,"column":4},"end":{"line":40,"column":7}},"10":{"start":{"line":38,"column":6},"end":{"line":38,"column":23}},"11":{"start":{"line":39,"column":6},"end":{"line":39,"column":21}},"12":{"start":{"line":41,"column":4},"end":{"line":44,"column":7}},"13":{"start":{"line":42,"column":6},"end":{"line":42,"column":24}},"14":{"start":{"line":43,"column":6},"end":{"line":43,"column":52}},"15":{"start":{"line":45,"column":4},"end":{"line":51,"column":6}},"16":{"start":{"line":47,"column":19},"end":{"line":47,"column":51}},"17":{"start":{"line":48,"column":8},"end":{"line":48,"column":26}},"18":{"start":{"line":49,"column":8},"end":{"line":49,"column":26}},"19":{"start":{"line":55,"column":0},"end":{"line":55,"column":40}},"20":{"start":{"line":58,"column":38},"end":{"line":58,"column":57}},"21":{"start":{"line":58,"column":56},"end":{"line":58,"column":70}},"22":{"start":{"line":58,"column":13},"end":{"line":58,"column":38}},"23":{"start":{"line":59,"column":36},"end":{"line":59,"column":55}},"24":{"start":{"line":59,"column":54},"end":{"line":59,"column":74}},"25":{"start":{"line":59,"column":13},"end":{"line":59,"column":36}},"26":{"start":{"line":60,"column":40},"end":{"line":60,"column":59}},"27":{"start":{"line":60,"column":58},"end":{"line":60,"column":80}},"28":{"start":{"line":60,"column":13},"end":{"line":60,"column":40}},"29":{"start":{"line":63,"column":13},"end":{"line":70,"column":2}},"30":{"start":{"line":66,"column":4},"end":{"line":69,"column":null}},"31":{"start":{"line":67,"column":6},"end":{"line":67,"column":21}},"32":{"start":{"line":68,"column":6},"end":{"line":68,"column":17}},"33":{"start":{"line":73,"column":13},"end":{"line":75,"column":2}},"34":{"start":{"line":74,"column":2},"end":{"line":74,"column":null}},"35":{"start":{"line":74,"column":22},"end":{"line":74,"column":39}},"36":{"start":{"line":76,"column":13},"end":{"line":78,"column":2}},"37":{"start":{"line":77,"column":2},"end":{"line":77,"column":null}},"38":{"start":{"line":77,"column":22},"end":{"line":77,"column":40}},"39":{"start":{"line":79,"column":13},"end":{"line":81,"column":2}},"40":{"start":{"line":80,"column":2},"end":{"line":80,"column":null}},"41":{"start":{"line":80,"column":22},"end":{"line":80,"column":41}}},"fnMap":{"0":{"name":"(anonymous_13)","decl":{"start":{"line":26,"column":2},"end":{"line":26,"column":null}},"loc":{"start":{"line":26,"column":2},"end":{"line":29,"column":null}}},"1":{"name":"(anonymous_16)","decl":{"start":{"line":36,"column":17},"end":{"line":36,"column":18}},"loc":{"start":{"line":36,"column":19},"end":{"line":52,"column":3}}},"2":{"name":"(anonymous_17)","decl":{"start":{"line":37,"column":40},"end":{"line":37,"column":41}},"loc":{"start":{"line":37,"column":42},"end":{"line":40,"column":5}}},"3":{"name":"(anonymous_18)","decl":{"start":{"line":41,"column":41},"end":{"line":41,"column":42}},"loc":{"start":{"line":41,"column":46},"end":{"line":44,"column":5}}},"4":{"name":"(anonymous_19)","decl":{"start":{"line":47,"column":6},"end":{"line":47,"column":7}},"loc":{"start":{"line":47,"column":51},"end":{"line":50,"column":7}}},"5":{"name":"(anonymous_20)","decl":{"start":{"line":58,"column":38},"end":{"line":58,"column":39}},"loc":{"start":{"line":58,"column":51},"end":{"line":58,"column":57}}},"6":{"name":"(anonymous_21)","decl":{"start":{"line":59,"column":36},"end":{"line":59,"column":37}},"loc":{"start":{"line":59,"column":49},"end":{"line":59,"column":55}}},"7":{"name":"(anonymous_22)","decl":{"start":{"line":60,"column":40},"end":{"line":60,"column":41}},"loc":{"start":{"line":60,"column":53},"end":{"line":60,"column":59}}},"8":{"name":"(anonymous_23)","decl":{"start":{"line":65,"column":2},"end":{"line":65,"column":3}},"loc":{"start":{"line":65,"column":8},"end":{"line":66,"column":9}}},"9":{"name":"(anonymous_24)","decl":{"start":{"line":66,"column":46},"end":{"line":66,"column":47}},"loc":{"start":{"line":66,"column":53},"end":{"line":69,"column":5}}},"10":{"name":"(anonymous_25)","decl":{"start":{"line":73,"column":65},"end":{"line":73,"column":66}},"loc":{"start":{"line":73,"column":71},"end":{"line":74,"column":7}}},"11":{"name":"(anonymous_26)","decl":{"start":{"line":74,"column":15},"end":{"line":74,"column":16}},"loc":{"start":{"line":74,"column":17},"end":{"line":74,"column":23}}},"12":{"name":"(anonymous_27)","decl":{"start":{"line":76,"column":66},"end":{"line":76,"column":67}},"loc":{"start":{"line":76,"column":72},"end":{"line":77,"column":7}}},"13":{"name":"(anonymous_28)","decl":{"start":{"line":77,"column":15},"end":{"line":77,"column":16}},"loc":{"start":{"line":77,"column":17},"end":{"line":77,"column":23}}},"14":{"name":"(anonymous_29)","decl":{"start":{"line":79,"column":67},"end":{"line":79,"column":68}},"loc":{"start":{"line":79,"column":73},"end":{"line":80,"column":7}}},"15":{"name":"(anonymous_30)","decl":{"start":{"line":80,"column":15},"end":{"line":80,"column":16}},"loc":{"start":{"line":80,"column":17},"end":{"line":80,"column":23}}}},"branchMap":{"0":{"loc":{"start":{"line":27,"column":18},"end":{"line":27,"column":null}},"type":"switch","locations":[{"start":{"line":27,"column":18},"end":{"line":27,"column":null}}]},"1":{"loc":{"start":{"line":43,"column":23},"end":{"line":43,"column":50}},"type":"binary-expr","locations":[{"start":{"line":43,"column":23},"end":{"line":43,"column":38}},{"start":{"line":43,"column":42},"end":{"line":43,"column":50}}]}},"s":{"0":2,"1":2,"2":2,"3":2,"4":0,"5":0,"6":0,"7":0,"8":2,"9":2,"10":1,"11":1,"12":2,"13":1,"14":1,"15":2,"16":1,"17":1,"18":1,"19":2,"20":2,"21":0,"22":2,"23":2,"24":0,"25":2,"26":2,"27":0,"28":2,"29":2,"30":0,"31":0,"32":0,"33":2,"34":0,"35":0,"36":2,"37":0,"38":0,"39":2,"40":0,"41":0},"f":{"0":0,"1":2,"2":1,"3":1,"4":1,"5":0,"6":0,"7":0,"8":0,"9":0,"10":0,"11":0,"12":0,"13":0,"14":0,"15":0},"b":{"0":[0],"1":[1,0]}}
,"/Users/zhoock/Downloads/Яндекс.Практикум/dev/stellar-burgers/src/features/order/orderSlice.ts": {"path":"/Users/zhoock/Downloads/Яндекс.Практикум/dev/stellar-burgers/src/features/order/orderSlice.ts","statementMap":{"0":{"start":{"line":1,"column":0},"end":{"line":1,"column":80}},"1":{"start":{"line":2,"column":0},"end":{"line":2,"column":56}},"2":{"start":{"line":4,"column":0},"end":{"line":4,"column":56}},"3":{"start":{"line":12,"column":13},"end":{"line":16,"column":2}},"4":{"start":{"line":18,"column":13},"end":{"line":30,"column":2}},"5":{"start":{"line":20,"column":2},"end":{"line":29,"column":null}},"6":{"start":{"line":20,"column":34},"end":{"line":20,"column":36}},"7":{"start":{"line":20,"column":51},"end":{"line":20,"column":53}},"8":{"start":{"line":22,"column":18},"end":{"line":22,"column":null}},"9":{"start":{"line":22,"column":12},"end":{"line":22,"column":null}},"10":{"start":{"line":24,"column":6},"end":{"line":24,"column":24}},"11":{"start":{"line":25,"column":6},"end":{"line":25,"column":33}},"12":{"start":{"line":27,"column":6},"end":{"line":27,"column":72}},"13":{"start":{"line":32,"column":19},"end":{"line":55,"column":2}},"14":{"start":{"line":37,"column":6},"end":{"line":37,"column":34}},"15":{"start":{"line":38,"column":6},"end":{"line":38,"column":25}},"16":{"start":{"line":42,"column":4},"end":{"line":45,"column":7}},"17":{"start":{"line":43,"column":6},"end":{"line":43,"column":28}},"18":{"start":{"line":44,"column":6},"end":{"line":44,"column":21}},"19":{"start":{"line":46,"column":4},"end":{"line":49,"column":7}},"20":{"start":{"line":46,"column":49},"end":{"line":46,"column":74}},"21":{"start":{"line":47,"column":6},"end":{"line":47,"column":29}},"22":{"start":{"line":48,"column":6},"end":{"line":48,"column":33}},"23":{"start":{"line":50,"column":4},"end":{"line":53,"column":7}},"24":{"start":{"line":51,"column":6},"end":{"line":51,"column":29}},"25":{"start":{"line":52,"column":6},"end":{"line":52,"column":72}},"26":{"start":{"line":57,"column":15},"end":{"line":57,"column":54}},"27":{"start":{"line":58,"column":0},"end":{"line":58,"column":34}}},"fnMap":{"0":{"name":"(anonymous_13)","decl":{"start":{"line":20,"column":2},"end":{"line":20,"column":9}},"loc":{"start":{"line":20,"column":2},"end":{"line":29,"column":null}}},"1":{"name":"(anonymous_16)","decl":{"start":{"line":36,"column":21},"end":{"line":36,"column":22}},"loc":{"start":{"line":36,"column":27},"end":{"line":39,"column":5}}},"2":{"name":"(anonymous_17)","decl":{"start":{"line":41,"column":17},"end":{"line":41,"column":18}},"loc":{"start":{"line":41,"column":19},"end":{"line":54,"column":3}}},"3":{"name":"(anonymous_18)","decl":{"start":{"line":42,"column":34},"end":{"line":42,"column":35}},"loc":{"start":{"line":42,"column":36},"end":{"line":45,"column":5}}},"4":{"name":"(anonymous_19)","decl":{"start":{"line":46,"column":36},"end":{"line":46,"column":37}},"loc":{"start":{"line":46,"column":74},"end":{"line":49,"column":5}}},"5":{"name":"(anonymous_20)","decl":{"start":{"line":50,"column":35},"end":{"line":50,"column":36}},"loc":{"start":{"line":50,"column":40},"end":{"line":53,"column":5}}}},"branchMap":{"0":{"loc":{"start":{"line":27,"column":29},"end":{"line":27,"column":70}},"type":"cond-expr","locations":[{"start":{"line":27,"column":39},"end":{"line":27,"column":43}},{"start":{"line":27,"column":43},"end":{"line":27,"column":70}}]},"1":{"loc":{"start":{"line":27,"column":29},"end":{"line":27,"column":43}},"type":"binary-expr","locations":[{"start":{"line":27,"column":29},"end":{"line":27,"column":43}},{"start":{"line":27,"column":39},"end":{"line":27,"column":43}}]},"2":{"loc":{"start":{"line":27,"column":29},"end":{"line":27,"column":39}},"type":"cond-expr","locations":[{"start":{"line":27,"column":30},"end":{"line":27,"column":32}},{"start":{"line":27,"column":29},"end":{"line":27,"column":39}}]},"3":{"loc":{"start":{"line":27,"column":29},"end":{"line":27,"column":32}},"type":"binary-expr","locations":[{"start":{"line":27,"column":29},"end":{"line":27,"column":32}},{"start":{"line":27,"column":29},"end":{"line":27,"column":32}}]},"4":{"loc":{"start":{"line":52,"column":23},"end":{"line":52,"column":70}},"type":"cond-expr","locations":[{"start":{"line":52,"column":51},"end":{"line":52,"column":55}},{"start":{"line":52,"column":55},"end":{"line":52,"column":70}}]},"5":{"loc":{"start":{"line":52,"column":23},"end":{"line":52,"column":55}},"type":"binary-expr","locations":[{"start":{"line":52,"column":23},"end":{"line":52,"column":55}},{"start":{"line":52,"column":51},"end":{"line":52,"column":55}}]},"6":{"loc":{"start":{"line":52,"column":23},"end":{"line":52,"column":51}},"type":"cond-expr","locations":[{"start":{"line":52,"column":32},"end":{"line":52,"column":36}},{"start":{"line":52,"column":36},"end":{"line":52,"column":51}}]},"7":{"loc":{"start":{"line":52,"column":23},"end":{"line":52,"column":36}},"type":"binary-expr","locations":[{"start":{"line":52,"column":23},"end":{"line":52,"column":36}},{"start":{"line":52,"column":32},"end":{"line":52,"column":36}}]}},"s":{"0":1,"1":1,"2":1,"3":1,"4":1,"5":0,"6":0,"7":0,"8":0,"9":0,"10":0,"11":0,"12":0,"13":1,"14":0,"15":0,"16":1,"17":0,"18":0,"19":1,"20":0,"21":0,"22":0,"23":1,"24":0,"25":0,"26":1,"27":1},"f":{"0":0,"1":0,"2":1,"3":0,"4":0,"5":0},"b":{"0":[0,0],"1":[0,0],"2":[0,0],"3":[0,0],"4":[0,0],"5":[0,0],"6":[0,0],"7":[0,0]}}
,"/Users/zhoock/Downloads/Яндекс.Практикум/dev/stellar-burgers/src/features/orders/ordersSlice.ts": {"path":"/Users/zhoock/Downloads/Яндекс.Практикум/dev/stellar-burgers/src/features/orders/ordersSlice.ts","statementMap":{"0":{"start":{"line":3,"column":0},"end":{"line":3,"column":65}},"1":{"start":{"line":4,"column":0},"end":{"line":4,"column":54}},"2":{"start":{"line":7,"column":0},"end":{"line":7,"column":48}},"3":{"start":{"line":15,"column":13},"end":{"line":19,"column":2}},"4":{"start":{"line":21,"column":13},"end":{"line":27,"column":2}},"5":{"start":{"line":23,"column":2},"end":{"line":26,"column":null}},"6":{"start":{"line":24,"column":19},"end":{"line":24,"column":null}},"7":{"start":{"line":24,"column":10},"end":{"line":24,"column":null}},"8":{"start":{"line":25,"column":4},"end":{"line":25,"column":18}},"9":{"start":{"line":29,"column":20},"end":{"line":54,"column":2}},"10":{"start":{"line":34,"column":4},"end":{"line":37,"column":7}},"11":{"start":{"line":35,"column":6},"end":{"line":35,"column":23}},"12":{"start":{"line":36,"column":6},"end":{"line":36,"column":21}},"13":{"start":{"line":38,"column":4},"end":{"line":41,"column":7}},"14":{"start":{"line":38,"column":57},"end":{"line":38,"column":59}},"15":{"start":{"line":39,"column":6},"end":{"line":39,"column":24}},"16":{"start":{"line":40,"column":6},"end":{"line":40,"column":25}},"17":{"start":{"line":42,"column":4},"end":{"line":45,"column":7}},"18":{"start":{"line":43,"column":6},"end":{"line":43,"column":24}},"19":{"start":{"line":44,"column":6},"end":{"line":44,"column":65}},"20":{"start":{"line":48,"column":4},"end":{"line":52,"column":7}},"21":{"start":{"line":49,"column":6},"end":{"line":49,"column":20}},"22":{"start":{"line":50,"column":6},"end":{"line":50,"column":24}},"23":{"start":{"line":51,"column":6},"end":{"line":51,"column":21}},"24":{"start":{"line":56,"column":0},"end":{"line":56,"column":35}},"25":{"start":{"line":59,"column":35},"end":{"line":59,"column":54}},"26":{"start":{"line":59,"column":53},"end":{"line":59,"column":69}},"27":{"start":{"line":59,"column":13},"end":{"line":59,"column":35}},"28":{"start":{"line":60,"column":42},"end":{"line":60,"column":61}},"29":{"start":{"line":60,"column":60},"end":{"line":60,"column":77}},"30":{"start":{"line":60,"column":13},"end":{"line":60,"column":42}},"31":{"start":{"line":61,"column":40},"end":{"line":61,"column":59}},"32":{"start":{"line":61,"column":58},"end":{"line":61,"column":73}},"33":{"start":{"line":61,"column":13},"end":{"line":61,"column":40}}},"fnMap":{"0":{"name":"(anonymous_13)","decl":{"start":{"line":23,"column":2},"end":{"line":23,"column":null}},"loc":{"start":{"line":23,"column":2},"end":{"line":26,"column":null}}},"1":{"name":"(anonymous_16)","decl":{"start":{"line":33,"column":17},"end":{"line":33,"column":18}},"loc":{"start":{"line":33,"column":19},"end":{"line":53,"column":3}}},"2":{"name":"(anonymous_17)","decl":{"start":{"line":34,"column":42},"end":{"line":34,"column":43}},"loc":{"start":{"line":34,"column":44},"end":{"line":37,"column":5}}},"3":{"name":"(anonymous_18)","decl":{"start":{"line":38,"column":44},"end":{"line":38,"column":45}},"loc":{"start":{"line":38,"column":59},"end":{"line":41,"column":5}}},"4":{"name":"(anonymous_19)","decl":{"start":{"line":42,"column":43},"end":{"line":42,"column":44}},"loc":{"start":{"line":42,"column":48},"end":{"line":45,"column":5}}},"5":{"name":"(anonymous_20)","decl":{"start":{"line":48,"column":37},"end":{"line":48,"column":38}},"loc":{"start":{"line":48,"column":39},"end":{"line":52,"column":5}}},"6":{"name":"(anonymous_21)","decl":{"start":{"line":59,"column":35},"end":{"line":59,"column":36}},"loc":{"start":{"line":59,"column":48},"end":{"line":59,"column":54}}},"7":{"name":"(anonymous_22)","decl":{"start":{"line":60,"column":42},"end":{"line":60,"column":43}},"loc":{"start":{"line":60,"column":55},"end":{"line":60,"column":61}}},"8":{"name":"(anonymous_23)","decl":{"start":{"line":61,"column":40},"end":{"line":61,"column":41}},"loc":{"start":{"line":61,"column":53},"end":{"line":61,"column":59}}}},"branchMap":{"0":{"loc":{"start":{"line":24,"column":19},"end":{"line":24,"column":null}},"type":"switch","locations":[{"start":{"line":24,"column":19},"end":{"line":24,"column":null}}]},"1":{"loc":{"start":{"line":44,"column":16},"end":{"line":44,"column":64}},"type":"cond-expr","locations":[{"start":{"line":44,"column":31},"end":{"line":44,"column":35}},{"start":{"line":44,"column":35},"end":{"line":44,"column":64}}]},"2":{"loc":{"start":{"line":44,"column":16},"end":{"line":44,"column":35}},"type":"binary-expr","locations":[{"start":{"line":44,"column":16},"end":{"line":44,"column":35}},{"start":{"line":44,"column":31},"end":{"line":44,"column":35}}]}},"s":{"0":1,"1":1,"2":1,"3":1,"4":1,"5":0,"6":0,"7":0,"8":0,"9":1,"10":1,"11":0,"12":0,"13":1,"14":0,"15":0,"16":0,"17":1,"18":0,"19":0,"20":1,"21":0,"22":0,"23":0,"24":1,"25":1,"26":0,"27":1,"28":1,"29":0,"30":1,"31":1,"32":0,"33":1},"f":{"0":0,"1":1,"2":0,"3":0,"4":0,"5":0,"6":0,"7":0,"8":0},"b":{"0":[0],"1":[0,0],"2":[0,0]}}
,"/Users/zhoock/Downloads/Яндекс.Практикум/dev/stellar-burgers/src/features/profileOrders/profileOrdersSlice.ts": {"path":"/Users/zhoock/Downloads/Яндекс.Практикум/dev/stellar-burgers/src/features/profileOrders/profileOrdersSlice.ts","statementMap":{"0":{"start":{"line":1,"column":0},"end":{"line":1,"column":65}},"1":{"start":{"line":2,"column":0},"end":{"line":2,"column":54}},"2":{"start":{"line":5,"column":0},"end":{"line":5,"column":48}},"3":{"start":{"line":13,"column":13},"end":{"line":17,"column":2}},"4":{"start":{"line":20,"column":13},"end":{"line":26,"column":2}},"5":{"start":{"line":22,"column":2},"end":{"line":25,"column":null}},"6":{"start":{"line":23,"column":19},"end":{"line":23,"column":null}},"7":{"start":{"line":23,"column":10},"end":{"line":23,"column":null}},"8":{"start":{"line":24,"column":4},"end":{"line":24,"column":18}},"9":{"start":{"line":28,"column":27},"end":{"line":59,"column":2}},"10":{"start":{"line":33,"column":6},"end":{"line":33,"column":24}},"11":{"start":{"line":34,"column":6},"end":{"line":34,"column":28}},"12":{"start":{"line":35,"column":6},"end":{"line":35,"column":25}},"13":{"start":{"line":39,"column":4},"end":{"line":42,"column":7}},"14":{"start":{"line":40,"column":6},"end":{"line":40,"column":23}},"15":{"start":{"line":41,"column":6},"end":{"line":41,"column":21}},"16":{"start":{"line":43,"column":4},"end":{"line":46,"column":7}},"17":{"start":{"line":43,"column":57},"end":{"line":43,"column":59}},"18":{"start":{"line":44,"column":6},"end":{"line":44,"column":24}},"19":{"start":{"line":45,"column":6},"end":{"line":45,"column":25}},"20":{"start":{"line":47,"column":4},"end":{"line":50,"column":7}},"21":{"start":{"line":48,"column":6},"end":{"line":48,"column":24}},"22":{"start":{"line":49,"column":6},"end":{"line":49,"column":65}},"23":{"start":{"line":53,"column":4},"end":{"line":57,"column":7}},"24":{"start":{"line":54,"column":6},"end":{"line":54,"column":20}},"25":{"start":{"line":55,"column":6},"end":{"line":55,"column":24}},"26":{"start":{"line":56,"column":6},"end":{"line":56,"column":21}},"27":{"start":{"line":61,"column":0},"end":{"line":61,"column":42}},"28":{"start":{"line":62,"column":15},"end":{"line":62,"column":65}},"29":{"start":{"line":65,"column":35},"end":{"line":65,"column":54}},"30":{"start":{"line":65,"column":53},"end":{"line":65,"column":76}},"31":{"start":{"line":65,"column":13},"end":{"line":65,"column":35}},"32":{"start":{"line":66,"column":42},"end":{"line":67,"column":3}},"33":{"start":{"line":67,"column":2},"end":{"line":67,"column":26}},"34":{"start":{"line":66,"column":13},"end":{"line":66,"column":42}},"35":{"start":{"line":68,"column":40},"end":{"line":68,"column":59}},"36":{"start":{"line":68,"column":58},"end":{"line":68,"column":80}},"37":{"start":{"line":68,"column":13},"end":{"line":68,"column":40}}},"fnMap":{"0":{"name":"(anonymous_13)","decl":{"start":{"line":22,"column":2},"end":{"line":22,"column":null}},"loc":{"start":{"line":22,"column":2},"end":{"line":25,"column":null}}},"1":{"name":"(anonymous_16)","decl":{"start":{"line":32,"column":24},"end":{"line":32,"column":25}},"loc":{"start":{"line":32,"column":30},"end":{"line":36,"column":5}}},"2":{"name":"(anonymous_17)","decl":{"start":{"line":38,"column":17},"end":{"line":38,"column":18}},"loc":{"start":{"line":38,"column":19},"end":{"line":58,"column":3}}},"3":{"name":"(anonymous_18)","decl":{"start":{"line":39,"column":42},"end":{"line":39,"column":43}},"loc":{"start":{"line":39,"column":44},"end":{"line":42,"column":5}}},"4":{"name":"(anonymous_19)","decl":{"start":{"line":43,"column":44},"end":{"line":43,"column":45}},"loc":{"start":{"line":43,"column":59},"end":{"line":46,"column":5}}},"5":{"name":"(anonymous_20)","decl":{"start":{"line":47,"column":43},"end":{"line":47,"column":44}},"loc":{"start":{"line":47,"column":48},"end":{"line":50,"column":5}}},"6":{"name":"(anonymous_21)","decl":{"start":{"line":53,"column":37},"end":{"line":53,"column":38}},"loc":{"start":{"line":53,"column":39},"end":{"line":57,"column":5}}},"7":{"name":"(anonymous_22)","decl":{"start":{"line":65,"column":35},"end":{"line":65,"column":36}},"loc":{"start":{"line":65,"column":48},"end":{"line":65,"column":54}}},"8":{"name":"(anonymous_23)","decl":{"start":{"line":66,"column":42},"end":{"line":66,"column":43}},"loc":{"start":{"line":66,"column":55},"end":{"line":67,"column":3}}},"9":{"name":"(anonymous_24)","decl":{"start":{"line":68,"column":40},"end":{"line":68,"column":41}},"loc":{"start":{"line":68,"column":53},"end":{"line":68,"column":59}}}},"branchMap":{"0":{"loc":{"start":{"line":23,"column":19},"end":{"line":23,"column":null}},"type":"switch","locations":[{"start":{"line":23,"column":19},"end":{"line":23,"column":null}}]},"1":{"loc":{"start":{"line":49,"column":16},"end":{"line":49,"column":64}},"type":"cond-expr","locations":[{"start":{"line":49,"column":31},"end":{"line":49,"column":35}},{"start":{"line":49,"column":35},"end":{"line":49,"column":64}}]},"2":{"loc":{"start":{"line":49,"column":16},"end":{"line":49,"column":35}},"type":"binary-expr","locations":[{"start":{"line":49,"column":16},"end":{"line":49,"column":35}},{"start":{"line":49,"column":31},"end":{"line":49,"column":35}}]}},"s":{"0":1,"1":1,"2":1,"3":1,"4":1,"5":0,"6":0,"7":0,"8":0,"9":1,"10":0,"11":0,"12":0,"13":1,"14":0,"15":0,"16":1,"17":0,"18":0,"19":0,"20":1,"21":0,"22":0,"23":1,"24":0,"25":0,"26":0,"27":1,"28":1,"29":1,"30":0,"31":1,"32":1,"33":0,"34":1,"35":1,"36":0,"37":1},"f":{"0":0,"1":0,"2":1,"3":0,"4":0,"5":0,"6":0,"7":0,"8":0,"9":0},"b":{"0":[0],"1":[0,0],"2":[0,0]}}
,"/Users/zhoock/Downloads/Яндекс.Практикум/dev/stellar-burgers/src/features/user/userSlice.ts": {"path":"/Users/zhoock/Downloads/Яндекс.Практикум/dev/stellar-burgers/src/features/user/userSlice.ts","statementMap":{"0":{"start":{"line":1,"column":0},"end":{"line":1,"column":80}},"1":{"start":{"line":2,"column":0},"end":{"line":2,"column":null}},"2":{"start":{"line":11,"column":0},"end":{"line":11,"column":47}},"3":{"start":{"line":21,"column":13},"end":{"line":26,"column":2}},"4":{"start":{"line":31,"column":13},"end":{"line":39,"column":2}},"5":{"start":{"line":33,"column":28},"end":{"line":38,"column":null}},"6":{"start":{"line":34,"column":16},"end":{"line":34,"column":null}},"7":{"start":{"line":34,"column":10},"end":{"line":34,"column":null}},"8":{"start":{"line":35,"column":4},"end":{"line":35,"column":59}},"9":{"start":{"line":36,"column":4},"end":{"line":36,"column":46}},"10":{"start":{"line":37,"column":4},"end":{"line":37,"column":29}},"11":{"start":{"line":42,"column":13},"end":{"line":50,"column":2}},"12":{"start":{"line":44,"column":25},"end":{"line":49,"column":null}},"13":{"start":{"line":45,"column":16},"end":{"line":45,"column":null}},"14":{"start":{"line":45,"column":10},"end":{"line":45,"column":null}},"15":{"start":{"line":46,"column":4},"end":{"line":46,"column":59}},"16":{"start":{"line":47,"column":4},"end":{"line":47,"column":46}},"17":{"start":{"line":48,"column":4},"end":{"line":48,"column":29}},"18":{"start":{"line":53,"column":13},"end":{"line":56,"column":3}},"19":{"start":{"line":53,"column":57},"end":{"line":56,"column":2}},"20":{"start":{"line":54,"column":14},"end":{"line":54,"column":null}},"21":{"start":{"line":54,"column":8},"end":{"line":54,"column":null}},"22":{"start":{"line":55,"column":2},"end":{"line":55,"column":27}},"23":{"start":{"line":59,"column":13},"end":{"line":65,"column":2}},"24":{"start":{"line":61,"column":37},"end":{"line":64,"column":null}},"25":{"start":{"line":62,"column":16},"end":{"line":62,"column":null}},"26":{"start":{"line":62,"column":10},"end":{"line":62,"column":null}},"27":{"start":{"line":63,"column":4},"end":{"line":63,"column":29}},"28":{"start":{"line":68,"column":13},"end":{"line":73,"column":3}},"29":{"start":{"line":68,"column":59},"end":{"line":73,"column":2}},"30":{"start":{"line":69,"column":2},"end":{"line":69,"column":20}},"31":{"start":{"line":70,"column":2},"end":{"line":70,"column":42}},"32":{"start":{"line":72,"column":2},"end":{"line":72,"column":48}},"33":{"start":{"line":77,"column":13},"end":{"line":163,"column":3}},"34":{"start":{"line":83,"column":6},"end":{"line":83,"column":26}},"35":{"start":{"line":88,"column":4},"end":{"line":91,"column":7}},"36":{"start":{"line":89,"column":6},"end":{"line":89,"column":25}},"37":{"start":{"line":90,"column":6},"end":{"line":90,"column":21}},"38":{"start":{"line":92,"column":4},"end":{"line":95,"column":7}},"39":{"start":{"line":93,"column":6},"end":{"line":93,"column":26}},"40":{"start":{"line":94,"column":6},"end":{"line":94,"column":64}},"41":{"start":{"line":96,"column":4},"end":{"line":100,"column":7}},"42":{"start":{"line":96,"column":58},"end":{"line":96,"column":60}},"43":{"start":{"line":97,"column":6},"end":{"line":97,"column":26}},"44":{"start":{"line":98,"column":6},"end":{"line":98,"column":22}},"45":{"start":{"line":99,"column":6},"end":{"line":99,"column":23}},"46":{"start":{"line":103,"column":4},"end":{"line":106,"column":7}},"47":{"start":{"line":104,"column":6},"end":{"line":104,"column":25}},"48":{"start":{"line":105,"column":6},"end":{"line":105,"column":21}},"49":{"start":{"line":107,"column":4},"end":{"line":110,"column":7}},"50":{"start":{"line":108,"column":6},"end":{"line":108,"column":26}},"51":{"start":{"line":109,"column":6},"end":{"line":109,"column":58}},"52":{"start":{"line":111,"column":4},"end":{"line":115,"column":7}},"53":{"start":{"line":111,"column":55},"end":{"line":111,"column":57}},"54":{"start":{"line":112,"column":6},"end":{"line":112,"column":26}},"55":{"start":{"line":113,"column":6},"end":{"line":113,"column":22}},"56":{"start":{"line":114,"column":6},"end":{"line":114,"column":23}},"57":{"start":{"line":118,"column":4},"end":{"line":121,"column":7}},"58":{"start":{"line":119,"column":6},"end":{"line":119,"column":25}},"59":{"start":{"line":120,"column":6},"end":{"line":120,"column":21}},"60":{"start":{"line":122,"column":4},"end":{"line":127,"column":7}},"61":{"start":{"line":123,"column":6},"end":{"line":123,"column":26}},"62":{"start":{"line":124,"column":6},"end":{"line":124,"column":22}},"63":{"start":{"line":125,"column":6},"end":{"line":125,"column":20}},"64":{"start":{"line":126,"column":6},"end":{"line":126,"column":60}},"65":{"start":{"line":128,"column":4},"end":{"line":132,"column":7}},"66":{"start":{"line":128,"column":57},"end":{"line":128,"column":59}},"67":{"start":{"line":129,"column":6},"end":{"line":129,"column":26}},"68":{"start":{"line":130,"column":6},"end":{"line":130,"column":22}},"69":{"start":{"line":131,"column":6},"end":{"line":131,"column":23}},"70":{"start":{"line":135,"column":4},"end":{"line":138,"column":7}},"71":{"start":{"line":136,"column":6},"end":{"line":136,"column":25}},"72":{"start":{"line":137,"column":6},"end":{"line":137,"column":21}},"73":{"start":{"line":139,"column":4},"end":{"line":142,"column":7}},"74":{"start":{"line":140,"column":6},"end":{"line":140,"column":26}},"75":{"start":{"line":141,"column":6},"end":{"line":141,"column":63}},"76":{"start":{"line":143,"column":4},"end":{"line":146,"column":7}},"77":{"start":{"line":143,"column":60},"end":{"line":143,"column":62}},"78":{"start":{"line":144,"column":6},"end":{"line":144,"column":26}},"79":{"start":{"line":145,"column":6},"end":{"line":145,"column":23}},"80":{"start":{"line":149,"column":4},"end":{"line":152,"column":7}},"81":{"start":{"line":150,"column":6},"end":{"line":150,"column":25}},"82":{"start":{"line":151,"column":6},"end":{"line":151,"column":21}},"83":{"start":{"line":153,"column":4},"end":{"line":156,"column":7}},"84":{"start":{"line":154,"column":6},"end":{"line":154,"column":26}},"85":{"start":{"line":155,"column":6},"end":{"line":155,"column":59}},"86":{"start":{"line":157,"column":4},"end":{"line":161,"column":7}},"87":{"start":{"line":158,"column":6},"end":{"line":158,"column":26}},"88":{"start":{"line":159,"column":6},"end":{"line":159,"column":22}},"89":{"start":{"line":160,"column":6},"end":{"line":160,"column":20}},"90":{"start":{"line":165,"column":15},"end":{"line":165,"column":46}},"91":{"start":{"line":166,"column":0},"end":{"line":166,"column":33}},"92":{"start":{"line":169,"column":26},"end":{"line":169,"column":55}},"93":{"start":{"line":169,"column":54},"end":{"line":169,"column":66}},"94":{"start":{"line":169,"column":13},"end":{"line":169,"column":26}},"95":{"start":{"line":170,"column":28},"end":{"line":170,"column":57}},"96":{"start":{"line":170,"column":56},"end":{"line":170,"column":70}},"97":{"start":{"line":170,"column":13},"end":{"line":170,"column":28}},"98":{"start":{"line":171,"column":31},"end":{"line":171,"column":60}},"99":{"start":{"line":171,"column":59},"end":{"line":171,"column":76}},"100":{"start":{"line":171,"column":13},"end":{"line":171,"column":31}},"101":{"start":{"line":172,"column":28},"end":{"line":172,"column":63}},"102":{"start":{"line":172,"column":56},"end":{"line":172,"column":77}},"103":{"start":{"line":172,"column":13},"end":{"line":172,"column":28}}},"fnMap":{"0":{"name":"(anonymous_13)","decl":{"start":{"line":33,"column":2},"end":{"line":33,"column":9}},"loc":{"start":{"line":33,"column":28},"end":{"line":38,"column":null}}},"1":{"name":"(anonymous_14)","decl":{"start":{"line":33,"column":28},"end":{"line":33,"column":null}},"loc":{"start":{"line":33,"column":28},"end":{"line":38,"column":null}}},"2":{"name":"(anonymous_16)","decl":{"start":{"line":44,"column":2},"end":{"line":44,"column":9}},"loc":{"start":{"line":44,"column":25},"end":{"line":49,"column":null}}},"3":{"name":"(anonymous_17)","decl":{"start":{"line":44,"column":25},"end":{"line":44,"column":null}},"loc":{"start":{"line":44,"column":25},"end":{"line":49,"column":null}}},"4":{"name":"(anonymous_19)","decl":{"start":{"line":53,"column":57},"end":{"line":53,"column":null}},"loc":{"start":{"line":53,"column":57},"end":{"line":56,"column":2}}},"5":{"name":"(anonymous_22)","decl":{"start":{"line":61,"column":2},"end":{"line":61,"column":9}},"loc":{"start":{"line":61,"column":37},"end":{"line":64,"column":null}}},"6":{"name":"(anonymous_23)","decl":{"start":{"line":61,"column":37},"end":{"line":61,"column":null}},"loc":{"start":{"line":61,"column":37},"end":{"line":64,"column":null}}},"7":{"name":"(anonymous_25)","decl":{"start":{"line":68,"column":59},"end":{"line":68,"column":null}},"loc":{"start":{"line":68,"column":59},"end":{"line":73,"column":2}}},"8":{"name":"(anonymous_28)","decl":{"start":{"line":82,"column":14},"end":{"line":82,"column":15}},"loc":{"start":{"line":82,"column":20},"end":{"line":84,"column":5}}},"9":{"name":"(anonymous_29)","decl":{"start":{"line":86,"column":17},"end":{"line":86,"column":18}},"loc":{"start":{"line":86,"column":25},"end":{"line":162,"column":3}}},"10":{"name":"(anonymous_30)","decl":{"start":{"line":88,"column":43},"end":{"line":88,"column":44}},"loc":{"start":{"line":88,"column":45},"end":{"line":91,"column":5}}},"11":{"name":"(anonymous_31)","decl":{"start":{"line":92,"column":44},"end":{"line":92,"column":45}},"loc":{"start":{"line":92,"column":49},"end":{"line":95,"column":5}}},"12":{"name":"(anonymous_32)","decl":{"start":{"line":96,"column":45},"end":{"line":96,"column":46}},"loc":{"start":{"line":96,"column":60},"end":{"line":100,"column":5}}},"13":{"name":"(anonymous_33)","decl":{"start":{"line":103,"column":40},"end":{"line":103,"column":41}},"loc":{"start":{"line":103,"column":42},"end":{"line":106,"column":5}}},"14":{"name":"(anonymous_34)","decl":{"start":{"line":107,"column":41},"end":{"line":107,"column":42}},"loc":{"start":{"line":107,"column":46},"end":{"line":110,"column":5}}},"15":{"name":"(anonymous_35)","decl":{"start":{"line":111,"column":42},"end":{"line":111,"column":43}},"loc":{"start":{"line":111,"column":57},"end":{"line":115,"column":5}}},"16":{"name":"(anonymous_36)","decl":{"start":{"line":118,"column":42},"end":{"line":118,"column":43}},"loc":{"start":{"line":118,"column":44},"end":{"line":121,"column":5}}},"17":{"name":"(anonymous_37)","decl":{"start":{"line":122,"column":43},"end":{"line":122,"column":44}},"loc":{"start":{"line":122,"column":48},"end":{"line":127,"column":5}}},"18":{"name":"(anonymous_38)","decl":{"start":{"line":128,"column":44},"end":{"line":128,"column":45}},"loc":{"start":{"line":128,"column":59},"end":{"line":132,"column":5}}},"19":{"name":"(anonymous_39)","decl":{"start":{"line":135,"column":45},"end":{"line":135,"column":46}},"loc":{"start":{"line":135,"column":47},"end":{"line":138,"column":5}}},"20":{"name":"(anonymous_40)","decl":{"start":{"line":139,"column":46},"end":{"line":139,"column":47}},"loc":{"start":{"line":139,"column":51},"end":{"line":142,"column":5}}},"21":{"name":"(anonymous_41)","decl":{"start":{"line":143,"column":47},"end":{"line":143,"column":48}},"loc":{"start":{"line":143,"column":62},"end":{"line":146,"column":5}}},"22":{"name":"(anonymous_42)","decl":{"start":{"line":149,"column":41},"end":{"line":149,"column":42}},"loc":{"start":{"line":149,"column":43},"end":{"line":152,"column":5}}},"23":{"name":"(anonymous_43)","decl":{"start":{"line":153,"column":42},"end":{"line":153,"column":43}},"loc":{"start":{"line":153,"column":47},"end":{"line":156,"column":5}}},"24":{"name":"(anonymous_44)","decl":{"start":{"line":157,"column":43},"end":{"line":157,"column":44}},"loc":{"start":{"line":157,"column":45},"end":{"line":161,"column":5}}},"25":{"name":"(anonymous_45)","decl":{"start":{"line":169,"column":26},"end":{"line":169,"column":27}},"loc":{"start":{"line":169,"column":49},"end":{"line":169,"column":55}}},"26":{"name":"(anonymous_46)","decl":{"start":{"line":170,"column":28},"end":{"line":170,"column":29}},"loc":{"start":{"line":170,"column":51},"end":{"line":170,"column":57}}},"27":{"name":"(anonymous_47)","decl":{"start":{"line":171,"column":31},"end":{"line":171,"column":32}},"loc":{"start":{"line":171,"column":54},"end":{"line":171,"column":60}}},"28":{"name":"(anonymous_48)","decl":{"start":{"line":172,"column":28},"end":{"line":172,"column":29}},"loc":{"start":{"line":172,"column":51},"end":{"line":172,"column":63}}}},"branchMap":{"0":{"loc":{"start":{"line":34,"column":16},"end":{"line":34,"column":null}},"type":"switch","locations":[{"start":{"line":34,"column":16},"end":{"line":34,"column":null}}]},"1":{"loc":{"start":{"line":45,"column":16},"end":{"line":45,"column":null}},"type":"switch","locations":[{"start":{"line":45,"column":16},"end":{"line":45,"column":null}}]},"2":{"loc":{"start":{"line":54,"column":14},"end":{"line":54,"column":null}},"type":"switch","locations":[{"start":{"line":54,"column":14},"end":{"line":54,"column":null}}]},"3":{"loc":{"start":{"line":62,"column":16},"end":{"line":62,"column":null}},"type":"switch","locations":[{"start":{"line":62,"column":16},"end":{"line":62,"column":null}}]},"4":{"loc":{"start":{"line":69,"column":2},"end":{"line":69,"column":20}},"type":"switch","locations":[{"start":{"line":69,"column":2},"end":{"line":69,"column":20}}]},"5":{"loc":{"start":{"line":94,"column":23},"end":{"line":94,"column":62}},"type":"binary-expr","locations":[{"start":{"line":94,"column":23},"end":{"line":94,"column":38}},{"start":{"line":94,"column":42},"end":{"line":94,"column":62}}]},"6":{"loc":{"start":{"line":109,"column":23},"end":{"line":109,"column":56}},"type":"binary-expr","locations":[{"start":{"line":109,"column":23},"end":{"line":109,"column":38}},{"start":{"line":109,"column":42},"end":{"line":109,"column":56}}]},"7":{"loc":{"start":{"line":126,"column":23},"end":{"line":126,"column":58}},"type":"binary-expr","locations":[{"start":{"line":126,"column":23},"end":{"line":126,"column":38}},{"start":{"line":126,"column":42},"end":{"line":126,"column":58}}]},"8":{"loc":{"start":{"line":141,"column":23},"end":{"line":141,"column":61}},"type":"binary-expr","locations":[{"start":{"line":141,"column":23},"end":{"line":141,"column":38}},{"start":{"line":141,"column":42},"end":{"line":141,"column":61}}]},"9":{"loc":{"start":{"line":155,"column":23},"end":{"line":155,"column":57}},"type":"binary-expr","locations":[{"start":{"line":155,"column":23},"end":{"line":155,"column":38}},{"start":{"line":155,"column":42},"end":{"line":155,"column":57}}]}},"s":{"0":1,"1":1,"2":1,"3":1,"4":1,"5":0,"6":0,"7":0,"8":0,"9":0,"10":0,"11":1,"12":0,"13":0,"14":0,"15":0,"16":0,"17":0,"18":1,"19":0,"20":0,"21":0,"22":0,"23":1,"24":0,"25":0,"26":0,"27":0,"28":1,"29":0,"30":0,"31":0,"32":0,"33":1,"34":0,"35":1,"36":0,"37":0,"38":1,"39":0,"40":0,"41":1,"42":0,"43":0,"44":0,"45":0,"46":1,"47":0,"48":0,"49":1,"50":0,"51":0,"52":1,"53":0,"54":0,"55":0,"56":0,"57":1,"58":0,"59":0,"60":1,"61":0,"62":0,"63":0,"64":0,"65":1,"66":0,"67":0,"68":0,"69":0,"70":1,"71":0,"72":0,"73":1,"74":0,"75":0,"76":1,"77":0,"78":0,"79":0,"80":1,"81":0,"82":0,"83":1,"84":0,"85":0,"86":1,"87":0,"88":0,"89":0,"90":1,"91":1,"92":1,"93":0,"94":1,"95":1,"96":0,"97":1,"98":1,"99":0,"100":1,"101":1,"102":0,"103":1},"f":{"0":0,"1":0,"2":0,"3":0,"4":0,"5":0,"6":0,"7":0,"8":0,"9":1,"10":0,"11":0,"12":0,"13":0,"14":0,"15":0,"16":0,"17":0,"18":0,"19":0,"20":0,"21":0,"22":0,"23":0,"24":0,"25":0,"26":0,"27":0,"28":0},"b":{"0":[0],"1":[0],"2":[0],"3":[0],"4":[0],"5":[0,0],"6":[0,0],"7":[0,0],"8":[0,0],"9":[0,0]}}
,"/Users/zhoock/Downloads/Яндекс.Практикум/dev/stellar-burgers/src/services/store.ts": {"path":"/Users/zhoock/Downloads/Яндекс.Практикум/dev/stellar-burgers/src/services/store.ts","statementMap":{"0":{"start":{"line":2,"column":0},"end":{"line":2,"column":67}},"1":{"start":{"line":4,"column":0},"end":{"line":4,"column":null}},"2":{"start":{"line":10,"column":0},"end":{"line":10,"column":53}},"3":{"start":{"line":11,"column":0},"end":{"line":11,"column":74}},"4":{"start":{"line":12,"column":0},"end":{"line":12,"column":53}},"5":{"start":{"line":13,"column":0},"end":{"line":13,"column":74}},"6":{"start":{"line":14,"column":0},"end":{"line":14,"column":59}},"7":{"start":{"line":15,"column":0},"end":{"line":15,"column":56}},"8":{"start":{"line":16,"column":0},"end":{"line":16,"column":80}},"9":{"start":{"line":18,"column":13},"end":{"line":26,"column":3}},"10":{"start":{"line":28,"column":14},"end":{"line":31,"column":2}},"11":{"start":{"line":36,"column":46},"end":{"line":36,"column":64}},"12":{"start":{"line":36,"column":52},"end":{"line":36,"column":67}},"13":{"start":{"line":36,"column":13},"end":{"line":36,"column":46}},"14":{"start":{"line":37,"column":13},"end":{"line":37,"column":73}},"15":{"start":{"line":39,"column":0},"end":{"line":39,"column":21}}},"fnMap":{"0":{"name":"(anonymous_1)","decl":{"start":{"line":36,"column":46},"end":{"line":36,"column":52}},"loc":{"start":{"line":36,"column":46},"end":{"line":36,"column":64}}}},"branchMap":{},"s":{"0":1,"1":1,"2":1,"3":1,"4":1,"5":1,"6":1,"7":1,"8":1,"9":1,"10":1,"11":1,"12":0,"13":1,"14":1,"15":1},"f":{"0":0},"b":{}}
,"/Users/zhoock/Downloads/Яндекс.Практикум/dev/stellar-burgers/src/utils/burger-api.ts": {"path":"/Users/zhoock/Downloads/Яндекс.Практикум/dev/stellar-burgers/src/utils/burger-api.ts","statementMap":{"0":{"start":{"line":1,"column":0},"end":{"line":1,"column":48}},"1":{"start":{"line":4,"column":12},"end":{"line":4,"column":38}},"2":{"start":{"line":7,"column":22},"end":{"line":8,"column":5}},"3":{"start":{"line":8,"column":2},"end":{"line":8,"column":70}},"4":{"start":{"line":8,"column":49},"end":{"line":8,"column":69}},"5":{"start":{"line":19,"column":28},"end":{"line":20,"column":7}},"6":{"start":{"line":20,"column":2},"end":{"line":37,"column":7}},"7":{"start":{"line":29,"column":19},"end":{"line":29,"column":56}},"8":{"start":{"line":31,"column":6},"end":{"line":33,"column":7}},"9":{"start":{"line":32,"column":8},"end":{"line":32,"column":43}},"10":{"start":{"line":34,"column":6},"end":{"line":34,"column":69}},"11":{"start":{"line":35,"column":6},"end":{"line":35,"column":56}},"12":{"start":{"line":36,"column":6},"end":{"line":36,"column":25}},"13":{"start":{"line":19,"column":13},"end":{"line":19,"column":28}},"14":{"start":{"line":39,"column":32},"end":{"line":59,"column":2}},"15":{"start":{"line":41,"column":22},"end":{"line":59,"column":2}},"16":{"start":{"line":44,"column":16},"end":{"line":44,"column":null}},"17":{"start":{"line":44,"column":10},"end":{"line":44,"column":null}},"18":{"start":{"line":45,"column":11},"end":{"line":45,"column":39}},"19":{"start":{"line":45,"column":4},"end":{"line":45,"column":39}},"20":{"start":{"line":47,"column":8},"end":{"line":47,"column":9}},"21":{"start":{"line":48,"column":26},"end":{"line":48,"column":null}},"22":{"start":{"line":48,"column":12},"end":{"line":48,"column":null}},"23":{"start":{"line":49,"column":6},"end":{"line":52,"column":7}},"24":{"start":{"line":50,"column":9},"end":{"line":51,"column":34}},"25":{"start":{"line":53,"column":18},"end":{"line":53,"column":null}},"26":{"start":{"line":53,"column":12},"end":{"line":53,"column":null}},"27":{"start":{"line":54,"column":13},"end":{"line":54,"column":41}},"28":{"start":{"line":54,"column":6},"end":{"line":54,"column":41}},"29":{"start":{"line":56,"column":6},"end":{"line":56,"column":33}},"30":{"start":{"line":39,"column":13},"end":{"line":39,"column":32}},"31":{"start":{"line":75,"column":33},"end":{"line":76,"column":7}},"32":{"start":{"line":76,"column":2},"end":{"line":81,"column":7}},"33":{"start":{"line":77,"column":19},"end":{"line":77,"column":60}},"34":{"start":{"line":79,"column":6},"end":{"line":79,"column":42}},"35":{"start":{"line":79,"column":25},"end":{"line":79,"column":42}},"36":{"start":{"line":80,"column":6},"end":{"line":80,"column":34}},"37":{"start":{"line":75,"column":13},"end":{"line":75,"column":33}},"38":{"start":{"line":83,"column":27},"end":{"line":84,"column":7}},"39":{"start":{"line":84,"column":2},"end":{"line":89,"column":7}},"40":{"start":{"line":85,"column":19},"end":{"line":85,"column":54}},"41":{"start":{"line":87,"column":6},"end":{"line":87,"column":37}},"42":{"start":{"line":87,"column":25},"end":{"line":87,"column":37}},"43":{"start":{"line":88,"column":6},"end":{"line":88,"column":34}},"44":{"start":{"line":83,"column":13},"end":{"line":83,"column":27}},"45":{"start":{"line":91,"column":28},"end":{"line":92,"column":18}},"46":{"start":{"line":92,"column":2},"end":{"line":101,"column":5}},"47":{"start":{"line":99,"column":4},"end":{"line":99,"column":42}},"48":{"start":{"line":99,"column":23},"end":{"line":99,"column":42}},"49":{"start":{"line":100,"column":4},"end":{"line":100,"column":32}},"50":{"start":{"line":91,"column":13},"end":{"line":91,"column":28}},"51":{"start":{"line":108,"column":30},"end":{"line":109,"column":18}},"52":{"start":{"line":109,"column":2},"end":{"line":121,"column":5}},"53":{"start":{"line":119,"column":4},"end":{"line":119,"column":35}},"54":{"start":{"line":119,"column":23},"end":{"line":119,"column":35}},"55":{"start":{"line":120,"column":4},"end":{"line":120,"column":32}},"56":{"start":{"line":108,"column":13},"end":{"line":108,"column":30}},"57":{"start":{"line":127,"column":35},"end":{"line":128,"column":7}},"58":{"start":{"line":128,"column":2},"end":{"line":133,"column":55}},"59":{"start":{"line":133,"column":19},"end":{"line":133,"column":54}},"60":{"start":{"line":127,"column":13},"end":{"line":127,"column":35}},"61":{"start":{"line":147,"column":31},"end":{"line":148,"column":7}},"62":{"start":{"line":148,"column":2},"end":{"line":159,"column":7}},"63":{"start":{"line":155,"column":19},"end":{"line":155,"column":53}},"64":{"start":{"line":157,"column":6},"end":{"line":157,"column":37}},"65":{"start":{"line":157,"column":25},"end":{"line":157,"column":37}},"66":{"start":{"line":158,"column":6},"end":{"line":158,"column":34}},"67":{"start":{"line":147,"column":13},"end":{"line":147,"column":31}},"68":{"start":{"line":166,"column":28},"end":{"line":167,"column":7}},"69":{"start":{"line":167,"column":2},"end":{"line":178,"column":7}},"70":{"start":{"line":174,"column":19},"end":{"line":174,"column":53}},"71":{"start":{"line":176,"column":6},"end":{"line":176,"column":37}},"72":{"start":{"line":176,"column":25},"end":{"line":176,"column":37}},"73":{"start":{"line":177,"column":6},"end":{"line":177,"column":34}},"74":{"start":{"line":166,"column":13},"end":{"line":166,"column":28}},"75":{"start":{"line":180,"column":33},"end":{"line":181,"column":7}},"76":{"start":{"line":181,"column":2},"end":{"line":192,"column":7}},"77":{"start":{"line":188,"column":19},"end":{"line":188,"column":59}},"78":{"start":{"line":190,"column":6},"end":{"line":190,"column":37}},"79":{"start":{"line":190,"column":25},"end":{"line":190,"column":37}},"80":{"start":{"line":191,"column":6},"end":{"line":191,"column":34}},"81":{"start":{"line":180,"column":13},"end":{"line":180,"column":33}},"82":{"start":{"line":194,"column":32},"end":{"line":195,"column":7}},"83":{"start":{"line":195,"column":2},"end":{"line":206,"column":7}},"84":{"start":{"line":202,"column":19},"end":{"line":202,"column":59}},"85":{"start":{"line":204,"column":6},"end":{"line":204,"column":37}},"86":{"start":{"line":204,"column":25},"end":{"line":204,"column":37}},"87":{"start":{"line":205,"column":6},"end":{"line":205,"column":34}},"88":{"start":{"line":194,"column":13},"end":{"line":194,"column":32}},"89":{"start":{"line":210,"column":26},"end":{"line":211,"column":18}},"90":{"start":{"line":211,"column":2},"end":{"line":215,"column":5}},"91":{"start":{"line":210,"column":13},"end":{"line":210,"column":26}},"92":{"start":{"line":217,"column":29},"end":{"line":218,"column":18}},"93":{"start":{"line":218,"column":2},"end":{"line":225,"column":5}},"94":{"start":{"line":217,"column":13},"end":{"line":217,"column":29}},"95":{"start":{"line":227,"column":25},"end":{"line":228,"column":7}},"96":{"start":{"line":228,"column":2},"end":{"line":236,"column":60}},"97":{"start":{"line":236,"column":19},"end":{"line":236,"column":59}},"98":{"start":{"line":227,"column":13},"end":{"line":227,"column":25}}},"fnMap":{"0":{"name":"(anonymous_13)","decl":{"start":{"line":7,"column":22},"end":{"line":7,"column":26}},"loc":{"start":{"line":7,"column":39},"end":{"line":8,"column":5}}},"1":{"name":"(anonymous_14)","decl":{"start":{"line":8,"column":40},"end":{"line":8,"column":41}},"loc":{"start":{"line":8,"column":44},"end":{"line":8,"column":56}}},"2":{"name":"(anonymous_15)","decl":{"start":{"line":19,"column":28},"end":{"line":19,"column":null}},"loc":{"start":{"line":19,"column":28},"end":{"line":20,"column":7}}},"3":{"name":"(anonymous_16)","decl":{"start":{"line":29,"column":10},"end":{"line":29,"column":11}},"loc":{"start":{"line":29,"column":14},"end":{"line":29,"column":32}}},"4":{"name":"(anonymous_17)","decl":{"start":{"line":30,"column":10},"end":{"line":30,"column":11}},"loc":{"start":{"line":30,"column":22},"end":{"line":37,"column":5}}},"5":{"name":"(anonymous_18)","decl":{"start":{"line":39,"column":32},"end":{"line":39,"column":null}},"loc":{"start":{"line":41,"column":22},"end":{"line":59,"column":2}}},"6":{"name":"(anonymous_19)","decl":{"start":{"line":41,"column":22},"end":{"line":41,"column":null}},"loc":{"start":{"line":41,"column":22},"end":{"line":59,"column":2}}},"7":{"name":"(anonymous_21)","decl":{"start":{"line":75,"column":33},"end":{"line":75,"column":null}},"loc":{"start":{"line":75,"column":33},"end":{"line":76,"column":7}}},"8":{"name":"(anonymous_22)","decl":{"start":{"line":77,"column":10},"end":{"line":77,"column":11}},"loc":{"start":{"line":77,"column":14},"end":{"line":77,"column":32}}},"9":{"name":"(anonymous_23)","decl":{"start":{"line":78,"column":10},"end":{"line":78,"column":11}},"loc":{"start":{"line":78,"column":15},"end":{"line":81,"column":5}}},"10":{"name":"(anonymous_24)","decl":{"start":{"line":83,"column":27},"end":{"line":83,"column":null}},"loc":{"start":{"line":83,"column":27},"end":{"line":84,"column":7}}},"11":{"name":"(anonymous_25)","decl":{"start":{"line":85,"column":10},"end":{"line":85,"column":11}},"loc":{"start":{"line":85,"column":14},"end":{"line":85,"column":32}}},"12":{"name":"(anonymous_26)","decl":{"start":{"line":86,"column":10},"end":{"line":86,"column":11}},"loc":{"start":{"line":86,"column":15},"end":{"line":89,"column":5}}},"13":{"name":"(anonymous_27)","decl":{"start":{"line":91,"column":28},"end":{"line":91,"column":null}},"loc":{"start":{"line":91,"column":28},"end":{"line":92,"column":18}}},"14":{"name":"(anonymous_28)","decl":{"start":{"line":98,"column":10},"end":{"line":98,"column":11}},"loc":{"start":{"line":98,"column":15},"end":{"line":101,"column":3}}},"15":{"name":"(anonymous_29)","decl":{"start":{"line":108,"column":30},"end":{"line":108,"column":31}},"loc":{"start":{"line":108,"column":45},"end":{"line":109,"column":18}}},"16":{"name":"(anonymous_30)","decl":{"start":{"line":118,"column":10},"end":{"line":118,"column":11}},"loc":{"start":{"line":118,"column":15},"end":{"line":121,"column":3}}},"17":{"name":"(anonymous_31)","decl":{"start":{"line":127,"column":35},"end":{"line":127,"column":36}},"loc":{"start":{"line":127,"column":50},"end":{"line":128,"column":7}}},"18":{"name":"(anonymous_32)","decl":{"start":{"line":133,"column":10},"end":{"line":133,"column":11}},"loc":{"start":{"line":133,"column":14},"end":{"line":133,"column":32}}},"19":{"name":"(anonymous_33)","decl":{"start":{"line":147,"column":31},"end":{"line":147,"column":32}},"loc":{"start":{"line":147,"column":51},"end":{"line":148,"column":7}}},"20":{"name":"(anonymous_34)","decl":{"start":{"line":155,"column":10},"end":{"line":155,"column":11}},"loc":{"start":{"line":155,"column":14},"end":{"line":155,"column":32}}},"21":{"name":"(anonymous_35)","decl":{"start":{"line":156,"column":10},"end":{"line":156,"column":11}},"loc":{"start":{"line":156,"column":15},"end":{"line":159,"column":5}}},"22":{"name":"(anonymous_36)","decl":{"start":{"line":166,"column":28},"end":{"line":166,"column":29}},"loc":{"start":{"line":166,"column":45},"end":{"line":167,"column":7}}},"23":{"name":"(anonymous_37)","decl":{"start":{"line":174,"column":10},"end":{"line":174,"column":11}},"loc":{"start":{"line":174,"column":14},"end":{"line":174,"column":32}}},"24":{"name":"(anonymous_38)","decl":{"start":{"line":175,"column":10},"end":{"line":175,"column":11}},"loc":{"start":{"line":175,"column":15},"end":{"line":178,"column":5}}},"25":{"name":"(anonymous_39)","decl":{"start":{"line":180,"column":33},"end":{"line":180,"column":34}},"loc":{"start":{"line":180,"column":57},"end":{"line":181,"column":7}}},"26":{"name":"(anonymous_40)","decl":{"start":{"line":188,"column":10},"end":{"line":188,"column":11}},"loc":{"start":{"line":188,"column":14},"end":{"line":188,"column":32}}},"27":{"name":"(anonymous_41)","decl":{"start":{"line":189,"column":10},"end":{"line":189,"column":11}},"loc":{"start":{"line":189,"column":15},"end":{"line":192,"column":5}}},"28":{"name":"(anonymous_42)","decl":{"start":{"line":194,"column":32},"end":{"line":194,"column":33}},"loc":{"start":{"line":194,"column":74},"end":{"line":195,"column":7}}},"29":{"name":"(anonymous_43)","decl":{"start":{"line":202,"column":10},"end":{"line":202,"column":11}},"loc":{"start":{"line":202,"column":14},"end":{"line":202,"column":32}}},"30":{"name":"(anonymous_44)","decl":{"start":{"line":203,"column":10},"end":{"line":203,"column":11}},"loc":{"start":{"line":203,"column":15},"end":{"line":206,"column":5}}},"31":{"name":"(anonymous_45)","decl":{"start":{"line":210,"column":26},"end":{"line":210,"column":null}},"loc":{"start":{"line":210,"column":26},"end":{"line":211,"column":18}}},"32":{"name":"(anonymous_46)","decl":{"start":{"line":217,"column":29},"end":{"line":217,"column":30}},"loc":{"start":{"line":217,"column":58},"end":{"line":218,"column":18}}},"33":{"name":"(anonymous_47)","decl":{"start":{"line":227,"column":25},"end":{"line":227,"column":null}},"loc":{"start":{"line":227,"column":25},"end":{"line":228,"column":7}}},"34":{"name":"(anonymous_48)","decl":{"start":{"line":236,"column":10},"end":{"line":236,"column":11}},"loc":{"start":{"line":236,"column":14},"end":{"line":236,"column":32}}}},"branchMap":{"0":{"loc":{"start":{"line":8,"column":2},"end":{"line":8,"column":69}},"type":"cond-expr","locations":[{"start":{"line":8,"column":11},"end":{"line":8,"column":21}},{"start":{"line":8,"column":24},"end":{"line":8,"column":69}}]},"1":{"loc":{"start":{"line":31,"column":6},"end":{"line":33,"column":7}},"type":"if","locations":[{"start":{"line":31,"column":6},"end":{"line":33,"column":7}}]},"2":{"loc":{"start":{"line":45,"column":4},"end":{"line":45,"column":39}},"type":"switch","locations":[{"start":{"line":45,"column":4},"end":{"line":45,"column":39}},{"start":{"line":54,"column":6},"end":{"line":54,"column":41}},{"start":{"line":56,"column":6},"end":{"line":56,"column":33}}]},"3":{"loc":{"start":{"line":47,"column":8},"end":{"line":47,"column":9}},"type":"if","locations":[{"start":{"line":47,"column":8},"end":{"line":47,"column":9}}]},"4":{"loc":{"start":{"line":49,"column":6},"end":{"line":52,"column":7}},"type":"if","locations":[{"start":{"line":49,"column":6},"end":{"line":52,"column":7}}]},"5":{"loc":{"start":{"line":79,"column":6},"end":{"line":79,"column":42}},"type":"if","locations":[{"start":{"line":79,"column":6},"end":{"line":79,"column":42}}]},"6":{"loc":{"start":{"line":79,"column":10},"end":{"line":79,"column":23}},"type":"cond-expr","locations":[{"start":{"line":79,"column":14},"end":{"line":79,"column":16}},{"start":{"line":79,"column":10},"end":{"line":79,"column":23}}]},"7":{"loc":{"start":{"line":79,"column":10},"end":{"line":79,"column":16}},"type":"binary-expr","locations":[{"start":{"line":79,"column":10},"end":{"line":79,"column":16}},{"start":{"line":79,"column":10},"end":{"line":79,"column":16}}]},"8":{"loc":{"start":{"line":87,"column":6},"end":{"line":87,"column":37}},"type":"if","locations":[{"start":{"line":87,"column":6},"end":{"line":87,"column":37}}]},"9":{"loc":{"start":{"line":87,"column":10},"end":{"line":87,"column":23}},"type":"cond-expr","locations":[{"start":{"line":87,"column":14},"end":{"line":87,"column":16}},{"start":{"line":87,"column":10},"end":{"line":87,"column":23}}]},"10":{"loc":{"start":{"line":87,"column":10},"end":{"line":87,"column":16}},"type":"binary-expr","locations":[{"start":{"line":87,"column":10},"end":{"line":87,"column":16}},{"start":{"line":87,"column":10},"end":{"line":87,"column":16}}]},"11":{"loc":{"start":{"line":99,"column":4},"end":{"line":99,"column":42}},"type":"if","locations":[{"start":{"line":99,"column":4},"end":{"line":99,"column":42}}]},"12":{"loc":{"start":{"line":99,"column":8},"end":{"line":99,"column":21}},"type":"cond-expr","locations":[{"start":{"line":99,"column":12},"end":{"line":99,"column":14}},{"start":{"line":99,"column":8},"end":{"line":99,"column":21}}]},"13":{"loc":{"start":{"line":99,"column":8},"end":{"line":99,"column":14}},"type":"binary-expr","locations":[{"start":{"line":99,"column":8},"end":{"line":99,"column":14}},{"start":{"line":99,"column":8},"end":{"line":99,"column":14}}]},"14":{"loc":{"start":{"line":119,"column":4},"end":{"line":119,"column":35}},"type":"if","locations":[{"start":{"line":119,"column":4},"end":{"line":119,"column":35}}]},"15":{"loc":{"start":{"line":119,"column":8},"end":{"line":119,"column":21}},"type":"cond-expr","locations":[{"start":{"line":119,"column":12},"end":{"line":119,"column":14}},{"start":{"line":119,"column":8},"end":{"line":119,"column":21}}]},"16":{"loc":{"start":{"line":119,"column":8},"end":{"line":119,"column":14}},"type":"binary-expr","locations":[{"start":{"line":119,"column":8},"end":{"line":119,"column":14}},{"start":{"line":119,"column":8},"end":{"line":119,"column":14}}]},"17":{"loc":{"start":{"line":157,"column":6},"end":{"line":157,"column":37}},"type":"if","locations":[{"start":{"line":157,"column":6},"end":{"line":157,"column":37}}]},"18":{"loc":{"start":{"line":157,"column":10},"end":{"line":157,"column":23}},"type":"cond-expr","locations":[{"start":{"line":157,"column":14},"end":{"line":157,"column":16}},{"start":{"line":157,"column":10},"end":{"line":157,"column":23}}]},"19":{"loc":{"start":{"line":157,"column":10},"end":{"line":157,"column":16}},"type":"binary-expr","locations":[{"start":{"line":157,"column":10},"end":{"line":157,"column":16}},{"start":{"line":157,"column":10},"end":{"line":157,"column":16}}]},"20":{"loc":{"start":{"line":176,"column":6},"end":{"line":176,"column":37}},"type":"if","locations":[{"start":{"line":176,"column":6},"end":{"line":176,"column":37}}]},"21":{"loc":{"start":{"line":176,"column":10},"end":{"line":176,"column":23}},"type":"cond-expr","locations":[{"start":{"line":176,"column":14},"end":{"line":176,"column":16}},{"start":{"line":176,"column":10},"end":{"line":176,"column":23}}]},"22":{"loc":{"start":{"line":176,"column":10},"end":{"line":176,"column":16}},"type":"binary-expr","locations":[{"start":{"line":176,"column":10},"end":{"line":176,"column":16}},{"start":{"line":176,"column":10},"end":{"line":176,"column":16}}]},"23":{"loc":{"start":{"line":190,"column":6},"end":{"line":190,"column":37}},"type":"if","locations":[{"start":{"line":190,"column":6},"end":{"line":190,"column":37}}]},"24":{"loc":{"start":{"line":190,"column":10},"end":{"line":190,"column":23}},"type":"cond-expr","locations":[{"start":{"line":190,"column":14},"end":{"line":190,"column":16}},{"start":{"line":190,"column":10},"end":{"line":190,"column":23}}]},"25":{"loc":{"start":{"line":190,"column":10},"end":{"line":190,"column":16}},"type":"binary-expr","locations":[{"start":{"line":190,"column":10},"end":{"line":190,"column":16}},{"start":{"line":190,"column":10},"end":{"line":190,"column":16}}]},"26":{"loc":{"start":{"line":204,"column":6},"end":{"line":204,"column":37}},"type":"if","locations":[{"start":{"line":204,"column":6},"end":{"line":204,"column":37}}]},"27":{"loc":{"start":{"line":204,"column":10},"end":{"line":204,"column":23}},"type":"cond-expr","locations":[{"start":{"line":204,"column":14},"end":{"line":204,"column":16}},{"start":{"line":204,"column":10},"end":{"line":204,"column":23}}]},"28":{"loc":{"start":{"line":204,"column":10},"end":{"line":204,"column":16}},"type":"binary-expr","locations":[{"start":{"line":204,"column":10},"end":{"line":204,"column":16}},{"start":{"line":204,"column":10},"end":{"line":204,"column":16}}]}},"s":{"0":2,"1":2,"2":2,"3":0,"4":0,"5":2,"6":0,"7":0,"8":0,"9":0,"10":0,"11":0,"12":0,"13":2,"14":2,"15":0,"16":0,"17":0,"18":0,"19":0,"20":0,"21":0,"22":0,"23":0,"24":0,"25":0,"26":0,"27":0,"28":0,"29":0,"30":2,"31":2,"32":0,"33":0,"34":0,"35":0,"36":0,"37":2,"38":2,"39":0,"40":0,"41":0,"42":0,"43":0,"44":2,"45":2,"46":0,"47":0,"48":0,"49":0,"50":2,"51":2,"52":0,"53":0,"54":0,"55":0,"56":2,"57":2,"58":0,"59":0,"60":2,"61":2,"62":0,"63":0,"64":0,"65":0,"66":0,"67":2,"68":2,"69":0,"70":0,"71":0,"72":0,"73":0,"74":2,"75":2,"76":0,"77":0,"78":0,"79":0,"80":0,"81":2,"82":2,"83":0,"84":0,"85":0,"86":0,"87":0,"88":2,"89":2,"90":0,"91":2,"92":2,"93":0,"94":2,"95":2,"96":0,"97":0,"98":2},"f":{"0":0,"1":0,"2":0,"3":0,"4":0,"5":0,"6":0,"7":0,"8":0,"9":0,"10":0,"11":0,"12":0,"13":0,"14":0,"15":0,"16":0,"17":0,"18":0,"19":0,"20":0,"21":0,"22":0,"23":0,"24":0,"25":0,"26":0,"27":0,"28":0,"29":0,"30":0,"31":0,"32":0,"33":0,"34":0},"b":{"0":[0,0],"1":[0],"2":[0,0,0],"3":[0],"4":[0],"5":[0],"6":[0,0],"7":[0,0],"8":[0],"9":[0,0],"10":[0,0],"11":[0],"12":[0,0],"13":[0,0],"14":[0],"15":[0,0],"16":[0,0],"17":[0],"18":[0,0],"19":[0,0],"20":[0],"21":[0,0],"22":[0,0],"23":[0],"24":[0,0],"25":[0,0],"26":[0],"27":[0,0],"28":[0,0]}}
,"/Users/zhoock/Downloads/Яндекс.Практикум/dev/stellar-burgers/src/utils/cookie.ts": {"path":"/Users/zhoock/Downloads/Яндекс.Практикум/dev/stellar-burgers/src/utils/cookie.ts","statementMap":{"0":{"start":{"line":1,"column":0},"end":{"line":1,"column":16}},"1":{"start":{"line":13,"column":0},"end":{"line":13,"column":16}},"2":{"start":{"line":45,"column":0},"end":{"line":45,"column":16}},"3":{"start":{"line":2,"column":18},"end":{"line":8,"column":null}},"4":{"start":{"line":10,"column":2},"end":{"line":10,"column":62}},"5":{"start":{"line":16,"column":2},"end":{"line":16,"column":null}},"6":{"start":{"line":18,"column":2},"end":{"line":21,"column":4}},"7":{"start":{"line":23,"column":12},"end":{"line":23,"column":25}},"8":{"start":{"line":24,"column":2},"end":{"line":28,"column":3}},"9":{"start":{"line":25,"column":14},"end":{"line":25,"column":24}},"10":{"start":{"line":26,"column":4},"end":{"line":26,"column":40}},"11":{"start":{"line":27,"column":4},"end":{"line":27,"column":28}},"12":{"start":{"line":30,"column":2},"end":{"line":32,"column":3}},"13":{"start":{"line":31,"column":4},"end":{"line":31,"column":38}},"14":{"start":{"line":33,"column":2},"end":{"line":33,"column":36}},"15":{"start":{"line":34,"column":22},"end":{"line":34,"column":40}},"16":{"start":{"line":35,"column":2},"end":{"line":41,"column":3}},"17":{"start":{"line":36,"column":4},"end":{"line":36,"column":37}},"18":{"start":{"line":37,"column":22},"end":{"line":37,"column":37}},"19":{"start":{"line":38,"column":4},"end":{"line":40,"column":5}},"20":{"start":{"line":39,"column":6},"end":{"line":39,"column":39}},"21":{"start":{"line":42,"column":2},"end":{"line":42,"column":34}},"22":{"start":{"line":46,"column":2},"end":{"line":46,"column":39}}},"fnMap":{"0":{"name":"getCookie","decl":{"start":{"line":1,"column":16},"end":{"line":1,"column":25}},"loc":{"start":{"line":1,"column":38},"end":{"line":11,"column":1}}},"1":{"name":"setCookie","decl":{"start":{"line":13,"column":16},"end":{"line":13,"column":25}},"loc":{"start":{"line":16,"column":65},"end":{"line":43,"column":1}}},"2":{"name":"deleteCookie","decl":{"start":{"line":45,"column":16},"end":{"line":45,"column":28}},"loc":{"start":{"line":45,"column":41},"end":{"line":47,"column":1}}}},"branchMap":{"0":{"loc":{"start":{"line":10,"column":9},"end":{"line":10,"column":61}},"type":"cond-expr","locations":[{"start":{"line":10,"column":19},"end":{"line":10,"column":49}},{"start":{"line":10,"column":52},"end":{"line":10,"column":61}}]},"1":{"loc":{"start":{"line":16,"column":2},"end":{"line":16,"column":null}},"type":"if","locations":[{"start":{"line":16,"column":2},"end":{"line":16,"column":null}}]},"2":{"loc":{"start":{"line":24,"column":2},"end":{"line":28,"column":3}},"type":"if","locations":[{"start":{"line":24,"column":2},"end":{"line":28,"column":3}}]},"3":{"loc":{"start":{"line":24,"column":6},"end":{"line":24,"column":36}},"type":"binary-expr","locations":[{"start":{"line":24,"column":6},"end":{"line":24,"column":9}},{"start":{"line":24,"column":13},"end":{"line":24,"column":36}}]},"4":{"loc":{"start":{"line":30,"column":2},"end":{"line":32,"column":3}},"type":"if","locations":[{"start":{"line":30,"column":2},"end":{"line":32,"column":3}}]},"5":{"loc":{"start":{"line":30,"column":6},"end":{"line":30,"column":32}},"type":"binary-expr","locations":[{"start":{"line":30,"column":6},"end":{"line":30,"column":9}},{"start":{"line":30,"column":13},"end":{"line":30,"column":32}}]},"6":{"loc":{"start":{"line":38,"column":4},"end":{"line":40,"column":5}},"type":"if","locations":[{"start":{"line":38,"column":4},"end":{"line":40,"column":5}}]}},"s":{"0":2,"1":2,"2":2,"3":0,"4":0,"5":0,"6":0,"7":0,"8":0,"9":0,"10":0,"11":0,"12":0,"13":0,"14":0,"15":0,"16":0,"17":0,"18":0,"19":0,"20":0,"21":0,"22":0},"f":{"0":0,"1":0,"2":0},"b":{"0":[0,0],"1":[0],"2":[0],"3":[0,0],"4":[0],"5":[0,0],"6":[0]}}
}
