TN:
SF:src/features/constructor/constructorSlice.ts
FN:17,(anonymous_2)
FN:28,(anonymous_3)
FN:37,(anonymous_4)
FN:38,(anonymous_5)
FN:40,(anonymous_6)
FN:45,(anonymous_7)
FNF:6
FNH:6
FNDA:7,(anonymous_2)
FNDA:7,(anonymous_3)
FNDA:1,(anonymous_4)
FNDA:1,(anonymous_5)
FNDA:1,(anonymous_6)
FNDA:1,(anonymous_7)
DA:2,2
DA:10,2
DA:12,2
DA:19,7
DA:21,7
DA:22,2
DA:24,5
DA:29,7
DA:37,1
DA:38,1
DA:40,1
DA:41,2
DA:42,1
DA:43,1
DA:46,1
DA:47,1
DA:52,2
DA:54,2
LF:18
LH:18
BRDA:21,0,0,2
BRDA:21,0,1,5
BRDA:31,1,0,2
BRDA:31,1,1,5
BRF:4
BRH:4
end_of_record
TN:
SF:src/features/feed/feedSlice.ts
FN:23,(anonymous_13)
FN:32,(anonymous_16)
FN:34,(anonymous_17)
FN:38,(anonymous_18)
FN:44,(anonymous_19)
FN:53,(anonymous_20)
FN:54,(anonymous_21)
FN:55,(anonymous_22)
FN:56,(anonymous_23)
FNF:9
FNH:1
FNDA:0,(anonymous_13)
FNDA:1,(anonymous_16)
FNDA:0,(anonymous_17)
FNDA:0,(anonymous_18)
FNDA:0,(anonymous_19)
FNDA:0,(anonymous_20)
FNDA:0,(anonymous_21)
FNDA:0,(anonymous_22)
FNDA:0,(anonymous_23)
DA:2,1
DA:3,1
DA:15,1
DA:23,1
DA:24,0
DA:25,0
DA:28,1
DA:33,1
DA:35,0
DA:36,0
DA:38,0
DA:39,0
DA:40,0
DA:41,0
DA:42,0
DA:45,0
DA:46,0
DA:51,1
DA:53,1
DA:54,1
DA:55,1
DA:56,1
LF:22
LH:11
BRDA:24,0,0,0
BRDA:46,1,0,0
BRDA:46,1,1,0
BRDA:46,2,0,0
BRDA:46,2,1,0
BRF:5
BRH:0
end_of_record
TN:
SF:src/features/ingredients/ingredientsSlice.ts
FN:26,(anonymous_13)
FN:36,(anonymous_16)
FN:37,(anonymous_17)
FN:41,(anonymous_18)
FN:47,(anonymous_19)
FN:58,(anonymous_20)
FN:59,(anonymous_21)
FN:60,(anonymous_22)
FN:65,(anonymous_23)
FN:66,(anonymous_24)
FN:73,(anonymous_25)
FN:74,(anonymous_26)
FN:76,(anonymous_27)
FN:77,(anonymous_28)
FN:79,(anonymous_29)
FN:80,(anonymous_30)
FNF:16
FNH:4
FNDA:0,(anonymous_13)
FNDA:2,(anonymous_16)
FNDA:1,(anonymous_17)
FNDA:1,(anonymous_18)
FNDA:1,(anonymous_19)
FNDA:0,(anonymous_20)
FNDA:0,(anonymous_21)
FNDA:0,(anonymous_22)
FNDA:0,(anonymous_23)
FNDA:0,(anonymous_24)
FNDA:0,(anonymous_25)
FNDA:0,(anonymous_26)
FNDA:0,(anonymous_27)
FNDA:0,(anonymous_28)
FNDA:0,(anonymous_29)
FNDA:0,(anonymous_30)
DA:2,2
DA:8,2
DA:18,2
DA:24,2
DA:26,0
DA:27,0
DA:28,0
DA:32,2
DA:37,2
DA:38,1
DA:39,1
DA:41,2
DA:42,1
DA:43,1
DA:45,2
DA:47,1
DA:48,1
DA:49,1
DA:55,2
DA:58,2
DA:59,2
DA:60,2
DA:63,2
DA:66,0
DA:67,0
DA:68,0
DA:73,2
DA:74,0
DA:76,2
DA:77,0
DA:79,2
DA:80,0
LF:32
LH:23
BRDA:27,0,0,0
BRDA:43,1,0,1
BRDA:43,1,1,0
BRF:3
BRH:1
end_of_record
TN:
SF:src/features/order/orderSlice.ts
FN:20,(anonymous_13)
FN:36,(anonymous_16)
FN:41,(anonymous_17)
FN:42,(anonymous_18)
FN:46,(anonymous_19)
FN:50,(anonymous_20)
FNF:6
FNH:1
FNDA:0,(anonymous_13)
FNDA:0,(anonymous_16)
FNDA:1,(anonymous_17)
FNDA:0,(anonymous_18)
FNDA:0,(anonymous_19)
FNDA:0,(anonymous_20)
DA:1,1
DA:2,1
DA:4,1
DA:12,1
DA:18,1
DA:20,0
DA:22,0
DA:24,0
DA:25,0
DA:27,0
DA:32,1
DA:37,0
DA:38,0
DA:42,1
DA:43,0
DA:44,0
DA:46,1
DA:47,0
DA:48,0
DA:50,1
DA:51,0
DA:52,0
DA:57,1
DA:58,1
LF:24
LH:11
BRDA:27,0,0,0
BRDA:27,0,1,0
BRDA:27,1,0,0
BRDA:27,1,1,0
BRDA:27,2,0,0
BRDA:27,2,1,0
BRDA:27,3,0,0
BRDA:27,3,1,0
BRDA:52,4,0,0
BRDA:52,4,1,0
BRDA:52,5,0,0
BRDA:52,5,1,0
BRDA:52,6,0,0
BRDA:52,6,1,0
BRDA:52,7,0,0
BRDA:52,7,1,0
BRF:16
BRH:0
end_of_record
TN:
SF:src/features/orders/ordersSlice.ts
FN:23,(anonymous_13)
FN:33,(anonymous_16)
FN:34,(anonymous_17)
FN:38,(anonymous_18)
FN:42,(anonymous_19)
FN:48,(anonymous_20)
FN:59,(anonymous_21)
FN:60,(anonymous_22)
FN:61,(anonymous_23)
FNF:9
FNH:1
FNDA:0,(anonymous_13)
FNDA:1,(anonymous_16)
FNDA:0,(anonymous_17)
FNDA:0,(anonymous_18)
FNDA:0,(anonymous_19)
FNDA:0,(anonymous_20)
FNDA:0,(anonymous_21)
FNDA:0,(anonymous_22)
FNDA:0,(anonymous_23)
DA:3,1
DA:4,1
DA:7,1
DA:15,1
DA:21,1
DA:23,0
DA:24,0
DA:25,0
DA:29,1
DA:34,1
DA:35,0
DA:36,0
DA:38,1
DA:39,0
DA:40,0
DA:42,1
DA:43,0
DA:44,0
DA:48,1
DA:49,0
DA:50,0
DA:51,0
DA:56,1
DA:59,1
DA:60,1
DA:61,1
LF:26
LH:14
BRDA:24,0,0,0
BRDA:44,1,0,0
BRDA:44,1,1,0
BRDA:44,2,0,0
BRDA:44,2,1,0
BRF:5
BRH:0
end_of_record
TN:
SF:src/features/profileOrders/profileOrdersSlice.ts
FN:22,(anonymous_13)
FN:32,(anonymous_16)
FN:38,(anonymous_17)
FN:39,(anonymous_18)
FN:43,(anonymous_19)
FN:47,(anonymous_20)
FN:53,(anonymous_21)
FN:65,(anonymous_22)
FN:66,(anonymous_23)
FN:68,(anonymous_24)
FNF:10
FNH:1
FNDA:0,(anonymous_13)
FNDA:0,(anonymous_16)
FNDA:1,(anonymous_17)
FNDA:0,(anonymous_18)
FNDA:0,(anonymous_19)
FNDA:0,(anonymous_20)
FNDA:0,(anonymous_21)
FNDA:0,(anonymous_22)
FNDA:0,(anonymous_23)
FNDA:0,(anonymous_24)
DA:1,1
DA:2,1
DA:5,1
DA:13,1
DA:20,1
DA:22,0
DA:23,0
DA:24,0
DA:28,1
DA:33,0
DA:34,0
DA:35,0
DA:39,1
DA:40,0
DA:41,0
DA:43,1
DA:44,0
DA:45,0
DA:47,1
DA:48,0
DA:49,0
DA:53,1
DA:54,0
DA:55,0
DA:56,0
DA:61,1
DA:62,1
DA:65,1
DA:66,1
DA:67,0
DA:68,1
LF:31
LH:15
BRDA:23,0,0,0
BRDA:49,1,0,0
BRDA:49,1,1,0
BRDA:49,2,0,0
BRDA:49,2,1,0
BRF:5
BRH:0
end_of_record
TN:
SF:src/features/user/userSlice.ts
FN:33,(anonymous_13)
FN:33,(anonymous_14)
FN:44,(anonymous_16)
FN:44,(anonymous_17)
FN:53,(anonymous_19)
FN:61,(anonymous_22)
FN:61,(anonymous_23)
FN:68,(anonymous_25)
FN:82,(anonymous_28)
FN:86,(anonymous_29)
FN:88,(anonymous_30)
FN:92,(anonymous_31)
FN:96,(anonymous_32)
FN:103,(anonymous_33)
FN:107,(anonymous_34)
FN:111,(anonymous_35)
FN:118,(anonymous_36)
FN:122,(anonymous_37)
FN:128,(anonymous_38)
FN:135,(anonymous_39)
FN:139,(anonymous_40)
FN:143,(anonymous_41)
FN:149,(anonymous_42)
FN:153,(anonymous_43)
FN:157,(anonymous_44)
FN:169,(anonymous_45)
FN:170,(anonymous_46)
FN:171,(anonymous_47)
FN:172,(anonymous_48)
FNF:29
FNH:1
FNDA:0,(anonymous_13)
FNDA:0,(anonymous_14)
FNDA:0,(anonymous_16)
FNDA:0,(anonymous_17)
FNDA:0,(anonymous_19)
FNDA:0,(anonymous_22)
FNDA:0,(anonymous_23)
FNDA:0,(anonymous_25)
FNDA:0,(anonymous_28)
FNDA:1,(anonymous_29)
FNDA:0,(anonymous_30)
FNDA:0,(anonymous_31)
FNDA:0,(anonymous_32)
FNDA:0,(anonymous_33)
FNDA:0,(anonymous_34)
FNDA:0,(anonymous_35)
FNDA:0,(anonymous_36)
FNDA:0,(anonymous_37)
FNDA:0,(anonymous_38)
FNDA:0,(anonymous_39)
FNDA:0,(anonymous_40)
FNDA:0,(anonymous_41)
FNDA:0,(anonymous_42)
FNDA:0,(anonymous_43)
FNDA:0,(anonymous_44)
FNDA:0,(anonymous_45)
FNDA:0,(anonymous_46)
FNDA:0,(anonymous_47)
FNDA:0,(anonymous_48)
DA:1,1
DA:2,1
DA:11,1
DA:21,1
DA:31,1
DA:33,0
DA:34,0
DA:35,0
DA:36,0
DA:37,0
DA:42,1
DA:44,0
DA:45,0
DA:46,0
DA:47,0
DA:48,0
DA:53,1
DA:54,0
DA:55,0
DA:59,1
DA:61,0
DA:62,0
DA:63,0
DA:68,1
DA:69,0
DA:70,0
DA:72,0
DA:77,1
DA:83,0
DA:88,1
DA:89,0
DA:90,0
DA:92,1
DA:93,0
DA:94,0
DA:96,1
DA:97,0
DA:98,0
DA:99,0
DA:103,1
DA:104,0
DA:105,0
DA:107,1
DA:108,0
DA:109,0
DA:111,1
DA:112,0
DA:113,0
DA:114,0
DA:118,1
DA:119,0
DA:120,0
DA:122,1
DA:123,0
DA:124,0
DA:125,0
DA:126,0
DA:128,1
DA:129,0
DA:130,0
DA:131,0
DA:135,1
DA:136,0
DA:137,0
DA:139,1
DA:140,0
DA:141,0
DA:143,1
DA:144,0
DA:145,0
DA:149,1
DA:150,0
DA:151,0
DA:153,1
DA:154,0
DA:155,0
DA:157,1
DA:158,0
DA:159,0
DA:160,0
DA:165,1
DA:166,1
DA:169,1
DA:170,1
DA:171,1
DA:172,1
LF:86
LH:31
BRDA:34,0,0,0
BRDA:45,1,0,0
BRDA:54,2,0,0
BRDA:62,3,0,0
BRDA:69,4,0,0
BRDA:94,5,0,0
BRDA:94,5,1,0
BRDA:109,6,0,0
BRDA:109,6,1,0
BRDA:126,7,0,0
BRDA:126,7,1,0
BRDA:141,8,0,0
BRDA:141,8,1,0
BRDA:155,9,0,0
BRDA:155,9,1,0
BRF:15
BRH:0
end_of_record
TN:
SF:src/services/store.ts
FN:36,(anonymous_1)
FNF:1
FNH:0
FNDA:0,(anonymous_1)
DA:2,1
DA:4,1
DA:10,1
DA:11,1
DA:12,1
DA:13,1
DA:14,1
DA:15,1
DA:16,1
DA:18,1
DA:28,1
DA:36,1
DA:37,1
DA:39,1
LF:14
LH:14
BRF:0
BRH:0
end_of_record
TN:
SF:src/utils/burger-api.ts
FN:7,(anonymous_13)
FN:8,(anonymous_14)
FN:19,(anonymous_15)
FN:29,(anonymous_16)
FN:30,(anonymous_17)
FN:39,(anonymous_18)
FN:41,(anonymous_19)
FN:75,(anonymous_21)
FN:77,(anonymous_22)
FN:78,(anonymous_23)
FN:83,(anonymous_24)
FN:85,(anonymous_25)
FN:86,(anonymous_26)
FN:91,(anonymous_27)
FN:98,(anonymous_28)
FN:108,(anonymous_29)
FN:118,(anonymous_30)
FN:127,(anonymous_31)
FN:133,(anonymous_32)
FN:147,(anonymous_33)
FN:155,(anonymous_34)
FN:156,(anonymous_35)
FN:166,(anonymous_36)
FN:174,(anonymous_37)
FN:175,(anonymous_38)
FN:180,(anonymous_39)
FN:188,(anonymous_40)
FN:189,(anonymous_41)
FN:194,(anonymous_42)
FN:202,(anonymous_43)
FN:203,(anonymous_44)
FN:210,(anonymous_45)
FN:217,(anonymous_46)
FN:227,(anonymous_47)
FN:236,(anonymous_48)
FNF:35
FNH:0
FNDA:0,(anonymous_13)
FNDA:0,(anonymous_14)
FNDA:0,(anonymous_15)
FNDA:0,(anonymous_16)
FNDA:0,(anonymous_17)
FNDA:0,(anonymous_18)
FNDA:0,(anonymous_19)
FNDA:0,(anonymous_21)
FNDA:0,(anonymous_22)
FNDA:0,(anonymous_23)
FNDA:0,(anonymous_24)
FNDA:0,(anonymous_25)
FNDA:0,(anonymous_26)
FNDA:0,(anonymous_27)
FNDA:0,(anonymous_28)
FNDA:0,(anonymous_29)
FNDA:0,(anonymous_30)
FNDA:0,(anonymous_31)
FNDA:0,(anonymous_32)
FNDA:0,(anonymous_33)
FNDA:0,(anonymous_34)
FNDA:0,(anonymous_35)
FNDA:0,(anonymous_36)
FNDA:0,(anonymous_37)
FNDA:0,(anonymous_38)
FNDA:0,(anonymous_39)
FNDA:0,(anonymous_40)
FNDA:0,(anonymous_41)
FNDA:0,(anonymous_42)
FNDA:0,(anonymous_43)
FNDA:0,(anonymous_44)
FNDA:0,(anonymous_45)
FNDA:0,(anonymous_46)
FNDA:0,(anonymous_47)
FNDA:0,(anonymous_48)
DA:1,2
DA:4,2
DA:7,2
DA:8,0
DA:19,2
DA:20,0
DA:29,0
DA:31,0
DA:32,0
DA:34,0
DA:35,0
DA:36,0
DA:39,2
DA:41,0
DA:44,0
DA:45,0
DA:47,0
DA:48,0
DA:49,0
DA:50,0
DA:53,0
DA:54,0
DA:56,0
DA:75,2
DA:76,0
DA:77,0
DA:79,0
DA:80,0
DA:83,2
DA:84,0
DA:85,0
DA:87,0
DA:88,0
DA:91,2
DA:92,0
DA:99,0
DA:100,0
DA:108,2
DA:109,0
DA:119,0
DA:120,0
DA:127,2
DA:128,0
DA:133,0
DA:147,2
DA:148,0
DA:155,0
DA:157,0
DA:158,0
DA:166,2
DA:167,0
DA:174,0
DA:176,0
DA:177,0
DA:180,2
DA:181,0
DA:188,0
DA:190,0
DA:191,0
DA:194,2
DA:195,0
DA:202,0
DA:204,0
DA:205,0
DA:210,2
DA:211,0
DA:217,2
DA:218,0
DA:227,2
DA:228,0
DA:236,0
LF:71
LH:17
BRDA:8,0,0,0
BRDA:8,0,1,0
BRDA:31,1,0,0
BRDA:45,2,0,0
BRDA:45,2,1,0
BRDA:45,2,2,0
BRDA:47,3,0,0
BRDA:49,4,0,0
BRDA:79,5,0,0
BRDA:79,6,0,0
BRDA:79,6,1,0
BRDA:79,7,0,0
BRDA:79,7,1,0
BRDA:87,8,0,0
BRDA:87,9,0,0
BRDA:87,9,1,0
BRDA:87,10,0,0
BRDA:87,10,1,0
BRDA:99,11,0,0
BRDA:99,12,0,0
BRDA:99,12,1,0
BRDA:99,13,0,0
BRDA:99,13,1,0
BRDA:119,14,0,0
BRDA:119,15,0,0
BRDA:119,15,1,0
BRDA:119,16,0,0
BRDA:119,16,1,0
BRDA:157,17,0,0
BRDA:157,18,0,0
BRDA:157,18,1,0
BRDA:157,19,0,0
BRDA:157,19,1,0
BRDA:176,20,0,0
BRDA:176,21,0,0
BRDA:176,21,1,0
BRDA:176,22,0,0
BRDA:176,22,1,0
BRDA:190,23,0,0
BRDA:190,24,0,0
BRDA:190,24,1,0
BRDA:190,25,0,0
BRDA:190,25,1,0
BRDA:204,26,0,0
BRDA:204,27,0,0
BRDA:204,27,1,0
BRDA:204,28,0,0
BRDA:204,28,1,0
BRF:48
BRH:0
end_of_record
TN:
SF:src/utils/cookie.ts
FN:1,getCookie
FN:13,setCookie
FN:45,deleteCookie
FNF:3
FNH:0
FNDA:0,getCookie
FNDA:0,setCookie
FNDA:0,deleteCookie
DA:1,2
DA:2,0
DA:10,0
DA:13,2
DA:16,0
DA:18,0
DA:23,0
DA:24,0
DA:25,0
DA:26,0
DA:27,0
DA:30,0
DA:31,0
DA:33,0
DA:34,0
DA:35,0
DA:36,0
DA:37,0
DA:38,0
DA:39,0
DA:42,0
DA:45,2
DA:46,0
LF:23
LH:3
BRDA:10,0,0,0
BRDA:10,0,1,0
BRDA:16,1,0,0
BRDA:24,2,0,0
BRDA:24,3,0,0
BRDA:24,3,1,0
BRDA:30,4,0,0
BRDA:30,5,0,0
BRDA:30,5,1,0
BRDA:38,6,0,0
BRF:10
BRH:0
end_of_record
